{"/Users/stephaniecao/Documents/GitHub/nbasports/Backend/routes/index.js": {"path":"/Users/stephaniecao/Documents/GitHub/nbasports/Backend/routes/index.js","statementMap":{"0":{"start":{"line":1,"column":9},"end":{"line":1,"column":38}},"1":{"start":{"line":2,"column":14},"end":{"line":2,"column":32}},"2":{"start":{"line":3,"column":13},"end":{"line":3,"column":29}},"3":{"start":{"line":4,"column":14},"end":{"line":4,"column":30}},"4":{"start":{"line":5,"column":15},"end":{"line":5,"column":35}},"5":{"start":{"line":7,"column":13},"end":{"line":7,"column":28}},"6":{"start":{"line":9,"column":23},"end":{"line":16,"column":2}},"7":{"start":{"line":28,"column":0},"end":{"line":32,"column":2}},"8":{"start":{"line":29,"column":2},"end":{"line":31,"column":4}},"9":{"start":{"line":41,"column":0},"end":{"line":106,"column":3}},"10":{"start":{"line":42,"column":17},"end":{"line":42,"column":67}},"11":{"start":{"line":43,"column":15},"end":{"line":43,"column":54}},"12":{"start":{"line":44,"column":14},"end":{"line":44,"column":57}},"13":{"start":{"line":45,"column":19},"end":{"line":45,"column":65}},"14":{"start":{"line":46,"column":19},"end":{"line":46,"column":62}},"15":{"start":{"line":47,"column":2},"end":{"line":47,"column":20}},"16":{"start":{"line":48,"column":2},"end":{"line":104,"column":7}},"17":{"start":{"line":49,"column":4},"end":{"line":53,"column":5}},"18":{"start":{"line":51,"column":8},"end":{"line":51,"column":29}},"19":{"start":{"line":52,"column":8},"end":{"line":52,"column":18}},"20":{"start":{"line":54,"column":5},"end":{"line":103,"column":8}},"21":{"start":{"line":91,"column":7},"end":{"line":101,"column":8}},"22":{"start":{"line":92,"column":9},"end":{"line":92,"column":27}},"23":{"start":{"line":93,"column":9},"end":{"line":93,"column":33}},"24":{"start":{"line":95,"column":12},"end":{"line":101,"column":8}},"25":{"start":{"line":97,"column":9},"end":{"line":97,"column":55}},"26":{"start":{"line":99,"column":9},"end":{"line":99,"column":37}},"27":{"start":{"line":102,"column":7},"end":{"line":102,"column":28}},"28":{"start":{"line":112,"column":0},"end":{"line":181,"column":3}},"29":{"start":{"line":113,"column":18},"end":{"line":113,"column":68}},"30":{"start":{"line":114,"column":16},"end":{"line":114,"column":55}},"31":{"start":{"line":115,"column":15},"end":{"line":115,"column":58}},"32":{"start":{"line":116,"column":20},"end":{"line":116,"column":66}},"33":{"start":{"line":117,"column":20},"end":{"line":117,"column":63}},"34":{"start":{"line":118,"column":2},"end":{"line":118,"column":20}},"35":{"start":{"line":119,"column":2},"end":{"line":180,"column":7}},"36":{"start":{"line":120,"column":4},"end":{"line":124,"column":5}},"37":{"start":{"line":122,"column":8},"end":{"line":122,"column":29}},"38":{"start":{"line":123,"column":8},"end":{"line":123,"column":18}},"39":{"start":{"line":125,"column":5},"end":{"line":178,"column":8}},"40":{"start":{"line":164,"column":7},"end":{"line":176,"column":8}},"41":{"start":{"line":165,"column":9},"end":{"line":165,"column":27}},"42":{"start":{"line":166,"column":9},"end":{"line":166,"column":33}},"43":{"start":{"line":168,"column":12},"end":{"line":176,"column":8}},"44":{"start":{"line":170,"column":8},"end":{"line":170,"column":54}},"45":{"start":{"line":172,"column":8},"end":{"line":172,"column":36}},"46":{"start":{"line":177,"column":7},"end":{"line":177,"column":28}},"47":{"start":{"line":190,"column":0},"end":{"line":255,"column":3}},"48":{"start":{"line":191,"column":17},"end":{"line":191,"column":67}},"49":{"start":{"line":192,"column":15},"end":{"line":192,"column":54}},"50":{"start":{"line":193,"column":16},"end":{"line":193,"column":68}},"51":{"start":{"line":194,"column":19},"end":{"line":194,"column":58}},"52":{"start":{"line":195,"column":14},"end":{"line":195,"column":57}},"53":{"start":{"line":196,"column":19},"end":{"line":196,"column":65}},"54":{"start":{"line":197,"column":20},"end":{"line":197,"column":63}},"55":{"start":{"line":198,"column":3},"end":{"line":198,"column":21}},"56":{"start":{"line":199,"column":6},"end":{"line":253,"column":7}},"57":{"start":{"line":200,"column":4},"end":{"line":204,"column":5}},"58":{"start":{"line":202,"column":8},"end":{"line":202,"column":29}},"59":{"start":{"line":203,"column":8},"end":{"line":203,"column":18}},"60":{"start":{"line":205,"column":5},"end":{"line":252,"column":8}},"61":{"start":{"line":240,"column":7},"end":{"line":250,"column":8}},"62":{"start":{"line":241,"column":9},"end":{"line":241,"column":27}},"63":{"start":{"line":242,"column":9},"end":{"line":242,"column":33}},"64":{"start":{"line":244,"column":12},"end":{"line":250,"column":8}},"65":{"start":{"line":246,"column":9},"end":{"line":246,"column":54}},"66":{"start":{"line":247,"column":9},"end":{"line":247,"column":37}},"67":{"start":{"line":251,"column":7},"end":{"line":251,"column":28}},"68":{"start":{"line":262,"column":0},"end":{"line":309,"column":3}},"69":{"start":{"line":263,"column":17},"end":{"line":263,"column":67}},"70":{"start":{"line":264,"column":15},"end":{"line":264,"column":54}},"71":{"start":{"line":265,"column":14},"end":{"line":265,"column":57}},"72":{"start":{"line":266,"column":19},"end":{"line":266,"column":65}},"73":{"start":{"line":267,"column":20},"end":{"line":267,"column":63}},"74":{"start":{"line":268,"column":3},"end":{"line":268,"column":21}},"75":{"start":{"line":269,"column":3},"end":{"line":308,"column":7}},"76":{"start":{"line":270,"column":4},"end":{"line":274,"column":5}},"77":{"start":{"line":272,"column":8},"end":{"line":272,"column":29}},"78":{"start":{"line":273,"column":8},"end":{"line":273,"column":18}},"79":{"start":{"line":275,"column":5},"end":{"line":306,"column":8}},"80":{"start":{"line":295,"column":7},"end":{"line":303,"column":8}},"81":{"start":{"line":296,"column":9},"end":{"line":296,"column":27}},"82":{"start":{"line":297,"column":9},"end":{"line":297,"column":33}},"83":{"start":{"line":299,"column":12},"end":{"line":303,"column":8}},"84":{"start":{"line":300,"column":9},"end":{"line":300,"column":54}},"85":{"start":{"line":301,"column":9},"end":{"line":301,"column":37}},"86":{"start":{"line":304,"column":7},"end":{"line":304,"column":28}},"87":{"start":{"line":316,"column":0},"end":{"line":365,"column":3}},"88":{"start":{"line":317,"column":17},"end":{"line":317,"column":67}},"89":{"start":{"line":318,"column":15},"end":{"line":318,"column":54}},"90":{"start":{"line":319,"column":14},"end":{"line":319,"column":57}},"91":{"start":{"line":320,"column":19},"end":{"line":320,"column":65}},"92":{"start":{"line":321,"column":19},"end":{"line":321,"column":62}},"93":{"start":{"line":322,"column":3},"end":{"line":322,"column":21}},"94":{"start":{"line":323,"column":3},"end":{"line":363,"column":7}},"95":{"start":{"line":324,"column":4},"end":{"line":328,"column":5}},"96":{"start":{"line":326,"column":8},"end":{"line":326,"column":29}},"97":{"start":{"line":327,"column":8},"end":{"line":327,"column":18}},"98":{"start":{"line":329,"column":5},"end":{"line":362,"column":8}},"99":{"start":{"line":347,"column":7},"end":{"line":360,"column":8}},"100":{"start":{"line":348,"column":9},"end":{"line":348,"column":27}},"101":{"start":{"line":349,"column":9},"end":{"line":349,"column":33}},"102":{"start":{"line":351,"column":12},"end":{"line":360,"column":8}},"103":{"start":{"line":353,"column":8},"end":{"line":353,"column":53}},"104":{"start":{"line":355,"column":9},"end":{"line":355,"column":37}},"105":{"start":{"line":361,"column":7},"end":{"line":361,"column":28}},"106":{"start":{"line":372,"column":0},"end":{"line":394,"column":4}},"107":{"start":{"line":374,"column":1},"end":{"line":392,"column":7}},"108":{"start":{"line":375,"column":4},"end":{"line":379,"column":5}},"109":{"start":{"line":377,"column":8},"end":{"line":377,"column":29}},"110":{"start":{"line":378,"column":8},"end":{"line":378,"column":18}},"111":{"start":{"line":380,"column":6},"end":{"line":391,"column":9}},"112":{"start":{"line":383,"column":8},"end":{"line":389,"column":9}},"113":{"start":{"line":384,"column":10},"end":{"line":384,"column":28}},"114":{"start":{"line":385,"column":10},"end":{"line":385,"column":34}},"115":{"start":{"line":387,"column":13},"end":{"line":389,"column":9}},"116":{"start":{"line":388,"column":10},"end":{"line":388,"column":38}},"117":{"start":{"line":390,"column":8},"end":{"line":390,"column":29}},"118":{"start":{"line":401,"column":0},"end":{"line":507,"column":3}},"119":{"start":{"line":403,"column":12},"end":{"line":502,"column":3}},"120":{"start":{"line":505,"column":2},"end":{"line":505,"column":16}},"121":{"start":{"line":514,"column":0},"end":{"line":539,"column":3}},"122":{"start":{"line":516,"column":15},"end":{"line":516,"column":58}},"123":{"start":{"line":517,"column":2},"end":{"line":537,"column":5}},"124":{"start":{"line":518,"column":4},"end":{"line":522,"column":5}},"125":{"start":{"line":520,"column":8},"end":{"line":520,"column":29}},"126":{"start":{"line":521,"column":8},"end":{"line":521,"column":18}},"127":{"start":{"line":523,"column":2},"end":{"line":536,"column":5}},"128":{"start":{"line":528,"column":4},"end":{"line":534,"column":5}},"129":{"start":{"line":529,"column":6},"end":{"line":529,"column":24}},"130":{"start":{"line":530,"column":6},"end":{"line":530,"column":30}},"131":{"start":{"line":532,"column":9},"end":{"line":534,"column":5}},"132":{"start":{"line":533,"column":6},"end":{"line":533,"column":34}},"133":{"start":{"line":535,"column":4},"end":{"line":535,"column":25}},"134":{"start":{"line":546,"column":0},"end":{"line":601,"column":4}},"135":{"start":{"line":547,"column":18},"end":{"line":547,"column":68}},"136":{"start":{"line":548,"column":16},"end":{"line":548,"column":55}},"137":{"start":{"line":549,"column":15},"end":{"line":549,"column":58}},"138":{"start":{"line":550,"column":20},"end":{"line":550,"column":66}},"139":{"start":{"line":551,"column":21},"end":{"line":551,"column":64}},"140":{"start":{"line":552,"column":4},"end":{"line":552,"column":22}},"141":{"start":{"line":553,"column":4},"end":{"line":600,"column":7}},"142":{"start":{"line":554,"column":6},"end":{"line":558,"column":7}},"143":{"start":{"line":556,"column":10},"end":{"line":556,"column":31}},"144":{"start":{"line":557,"column":10},"end":{"line":557,"column":20}},"145":{"start":{"line":559,"column":6},"end":{"line":598,"column":9}},"146":{"start":{"line":589,"column":8},"end":{"line":596,"column":9}},"147":{"start":{"line":590,"column":10},"end":{"line":590,"column":28}},"148":{"start":{"line":591,"column":10},"end":{"line":591,"column":34}},"149":{"start":{"line":593,"column":13},"end":{"line":596,"column":9}},"150":{"start":{"line":594,"column":10},"end":{"line":594,"column":55}},"151":{"start":{"line":595,"column":10},"end":{"line":595,"column":38}},"152":{"start":{"line":597,"column":8},"end":{"line":597,"column":29}},"153":{"start":{"line":608,"column":0},"end":{"line":678,"column":4}},"154":{"start":{"line":609,"column":18},"end":{"line":609,"column":68}},"155":{"start":{"line":610,"column":16},"end":{"line":610,"column":55}},"156":{"start":{"line":611,"column":15},"end":{"line":611,"column":53}},"157":{"start":{"line":612,"column":15},"end":{"line":612,"column":58}},"158":{"start":{"line":613,"column":20},"end":{"line":613,"column":66}},"159":{"start":{"line":614,"column":21},"end":{"line":614,"column":64}},"160":{"start":{"line":615,"column":4},"end":{"line":615,"column":22}},"161":{"start":{"line":616,"column":4},"end":{"line":675,"column":7}},"162":{"start":{"line":617,"column":6},"end":{"line":621,"column":7}},"163":{"start":{"line":619,"column":10},"end":{"line":619,"column":31}},"164":{"start":{"line":620,"column":10},"end":{"line":620,"column":20}},"165":{"start":{"line":622,"column":6},"end":{"line":673,"column":9}},"166":{"start":{"line":663,"column":8},"end":{"line":670,"column":9}},"167":{"start":{"line":664,"column":10},"end":{"line":664,"column":28}},"168":{"start":{"line":665,"column":10},"end":{"line":665,"column":34}},"169":{"start":{"line":667,"column":13},"end":{"line":670,"column":9}},"170":{"start":{"line":668,"column":10},"end":{"line":668,"column":55}},"171":{"start":{"line":669,"column":10},"end":{"line":669,"column":38}},"172":{"start":{"line":671,"column":8},"end":{"line":671,"column":29}},"173":{"start":{"line":685,"column":0},"end":{"line":745,"column":4}},"174":{"start":{"line":686,"column":18},"end":{"line":686,"column":68}},"175":{"start":{"line":687,"column":16},"end":{"line":687,"column":55}},"176":{"start":{"line":688,"column":15},"end":{"line":688,"column":58}},"177":{"start":{"line":689,"column":20},"end":{"line":689,"column":66}},"178":{"start":{"line":690,"column":21},"end":{"line":690,"column":64}},"179":{"start":{"line":691,"column":18},"end":{"line":691,"column":57}},"180":{"start":{"line":692,"column":4},"end":{"line":692,"column":22}},"181":{"start":{"line":693,"column":4},"end":{"line":744,"column":7}},"182":{"start":{"line":694,"column":6},"end":{"line":698,"column":7}},"183":{"start":{"line":696,"column":10},"end":{"line":696,"column":31}},"184":{"start":{"line":697,"column":10},"end":{"line":697,"column":20}},"185":{"start":{"line":699,"column":6},"end":{"line":742,"column":9}},"186":{"start":{"line":732,"column":8},"end":{"line":739,"column":9}},"187":{"start":{"line":733,"column":10},"end":{"line":733,"column":28}},"188":{"start":{"line":734,"column":10},"end":{"line":734,"column":34}},"189":{"start":{"line":736,"column":13},"end":{"line":739,"column":9}},"190":{"start":{"line":737,"column":10},"end":{"line":737,"column":55}},"191":{"start":{"line":738,"column":10},"end":{"line":738,"column":38}},"192":{"start":{"line":740,"column":8},"end":{"line":740,"column":29}},"193":{"start":{"line":752,"column":0},"end":{"line":812,"column":4}},"194":{"start":{"line":753,"column":18},"end":{"line":753,"column":68}},"195":{"start":{"line":754,"column":16},"end":{"line":754,"column":55}},"196":{"start":{"line":755,"column":15},"end":{"line":755,"column":58}},"197":{"start":{"line":756,"column":20},"end":{"line":756,"column":66}},"198":{"start":{"line":757,"column":21},"end":{"line":757,"column":64}},"199":{"start":{"line":758,"column":18},"end":{"line":758,"column":57}},"200":{"start":{"line":759,"column":4},"end":{"line":759,"column":22}},"201":{"start":{"line":760,"column":4},"end":{"line":811,"column":7}},"202":{"start":{"line":761,"column":6},"end":{"line":765,"column":7}},"203":{"start":{"line":763,"column":10},"end":{"line":763,"column":31}},"204":{"start":{"line":764,"column":10},"end":{"line":764,"column":20}},"205":{"start":{"line":766,"column":6},"end":{"line":809,"column":9}},"206":{"start":{"line":799,"column":8},"end":{"line":806,"column":9}},"207":{"start":{"line":800,"column":10},"end":{"line":800,"column":28}},"208":{"start":{"line":801,"column":10},"end":{"line":801,"column":34}},"209":{"start":{"line":803,"column":13},"end":{"line":806,"column":9}},"210":{"start":{"line":804,"column":10},"end":{"line":804,"column":55}},"211":{"start":{"line":805,"column":10},"end":{"line":805,"column":38}},"212":{"start":{"line":807,"column":8},"end":{"line":807,"column":29}},"213":{"start":{"line":819,"column":0},"end":{"line":863,"column":4}},"214":{"start":{"line":820,"column":18},"end":{"line":820,"column":68}},"215":{"start":{"line":821,"column":16},"end":{"line":821,"column":55}},"216":{"start":{"line":822,"column":15},"end":{"line":822,"column":58}},"217":{"start":{"line":823,"column":20},"end":{"line":823,"column":66}},"218":{"start":{"line":824,"column":21},"end":{"line":824,"column":64}},"219":{"start":{"line":825,"column":4},"end":{"line":825,"column":22}},"220":{"start":{"line":826,"column":4},"end":{"line":862,"column":7}},"221":{"start":{"line":827,"column":6},"end":{"line":831,"column":7}},"222":{"start":{"line":829,"column":10},"end":{"line":829,"column":31}},"223":{"start":{"line":830,"column":10},"end":{"line":830,"column":20}},"224":{"start":{"line":832,"column":6},"end":{"line":860,"column":9}},"225":{"start":{"line":850,"column":8},"end":{"line":857,"column":9}},"226":{"start":{"line":851,"column":10},"end":{"line":851,"column":28}},"227":{"start":{"line":852,"column":10},"end":{"line":852,"column":34}},"228":{"start":{"line":854,"column":13},"end":{"line":857,"column":9}},"229":{"start":{"line":855,"column":10},"end":{"line":855,"column":55}},"230":{"start":{"line":856,"column":10},"end":{"line":856,"column":38}},"231":{"start":{"line":858,"column":8},"end":{"line":858,"column":29}},"232":{"start":{"line":870,"column":0},"end":{"line":938,"column":4}},"233":{"start":{"line":871,"column":18},"end":{"line":871,"column":68}},"234":{"start":{"line":872,"column":16},"end":{"line":872,"column":55}},"235":{"start":{"line":873,"column":15},"end":{"line":873,"column":58}},"236":{"start":{"line":874,"column":20},"end":{"line":874,"column":66}},"237":{"start":{"line":875,"column":21},"end":{"line":875,"column":64}},"238":{"start":{"line":876,"column":4},"end":{"line":876,"column":22}},"239":{"start":{"line":877,"column":4},"end":{"line":937,"column":7}},"240":{"start":{"line":878,"column":6},"end":{"line":882,"column":7}},"241":{"start":{"line":880,"column":10},"end":{"line":880,"column":31}},"242":{"start":{"line":881,"column":10},"end":{"line":881,"column":20}},"243":{"start":{"line":883,"column":6},"end":{"line":935,"column":9}},"244":{"start":{"line":926,"column":8},"end":{"line":933,"column":9}},"245":{"start":{"line":927,"column":10},"end":{"line":927,"column":28}},"246":{"start":{"line":928,"column":10},"end":{"line":928,"column":34}},"247":{"start":{"line":930,"column":13},"end":{"line":933,"column":9}},"248":{"start":{"line":931,"column":10},"end":{"line":931,"column":55}},"249":{"start":{"line":932,"column":10},"end":{"line":932,"column":38}},"250":{"start":{"line":934,"column":8},"end":{"line":934,"column":29}},"251":{"start":{"line":943,"column":2},"end":{"line":943,"column":12}},"252":{"start":{"line":944,"column":2},"end":{"line":944,"column":15}},"253":{"start":{"line":945,"column":2},"end":{"line":1173,"column":9}},"254":{"start":{"line":947,"column":9},"end":{"line":996,"column":10}},"255":{"start":{"line":947,"column":22},"end":{"line":947,"column":23}},"256":{"start":{"line":949,"column":12},"end":{"line":949,"column":37}},"257":{"start":{"line":950,"column":12},"end":{"line":994,"column":13}},"258":{"start":{"line":952,"column":15},"end":{"line":987,"column":16}},"259":{"start":{"line":954,"column":16},"end":{"line":968,"column":17}},"260":{"start":{"line":957,"column":21},"end":{"line":957,"column":83}},"261":{"start":{"line":958,"column":21},"end":{"line":958,"column":85}},"262":{"start":{"line":959,"column":21},"end":{"line":959,"column":57}},"263":{"start":{"line":964,"column":18},"end":{"line":964,"column":79}},"264":{"start":{"line":965,"column":18},"end":{"line":965,"column":81}},"265":{"start":{"line":966,"column":18},"end":{"line":966,"column":54}},"266":{"start":{"line":972,"column":16},"end":{"line":986,"column":17}},"267":{"start":{"line":975,"column":21},"end":{"line":975,"column":83}},"268":{"start":{"line":976,"column":21},"end":{"line":976,"column":85}},"269":{"start":{"line":977,"column":21},"end":{"line":977,"column":57}},"270":{"start":{"line":982,"column":18},"end":{"line":982,"column":79}},"271":{"start":{"line":983,"column":18},"end":{"line":983,"column":81}},"272":{"start":{"line":984,"column":18},"end":{"line":984,"column":54}},"273":{"start":{"line":991,"column":17},"end":{"line":991,"column":44}},"274":{"start":{"line":992,"column":17},"end":{"line":992,"column":47}},"275":{"start":{"line":993,"column":16},"end":{"line":993,"column":52}},"276":{"start":{"line":995,"column":12},"end":{"line":995,"column":20}},"277":{"start":{"line":998,"column":14},"end":{"line":1173,"column":9}},"278":{"start":{"line":1000,"column":11},"end":{"line":1049,"column":10}},"279":{"start":{"line":1000,"column":24},"end":{"line":1000,"column":25}},"280":{"start":{"line":1002,"column":12},"end":{"line":1002,"column":53}},"281":{"start":{"line":1003,"column":12},"end":{"line":1047,"column":13}},"282":{"start":{"line":1005,"column":15},"end":{"line":1040,"column":16}},"283":{"start":{"line":1007,"column":16},"end":{"line":1021,"column":17}},"284":{"start":{"line":1010,"column":21},"end":{"line":1010,"column":99}},"285":{"start":{"line":1011,"column":21},"end":{"line":1011,"column":101}},"286":{"start":{"line":1012,"column":21},"end":{"line":1012,"column":57}},"287":{"start":{"line":1017,"column":18},"end":{"line":1017,"column":94}},"288":{"start":{"line":1018,"column":18},"end":{"line":1018,"column":97}},"289":{"start":{"line":1019,"column":18},"end":{"line":1019,"column":54}},"290":{"start":{"line":1025,"column":16},"end":{"line":1039,"column":17}},"291":{"start":{"line":1028,"column":21},"end":{"line":1028,"column":99}},"292":{"start":{"line":1029,"column":21},"end":{"line":1029,"column":101}},"293":{"start":{"line":1030,"column":21},"end":{"line":1030,"column":57}},"294":{"start":{"line":1035,"column":18},"end":{"line":1035,"column":95}},"295":{"start":{"line":1036,"column":18},"end":{"line":1036,"column":97}},"296":{"start":{"line":1037,"column":18},"end":{"line":1037,"column":54}},"297":{"start":{"line":1044,"column":17},"end":{"line":1044,"column":60}},"298":{"start":{"line":1045,"column":17},"end":{"line":1045,"column":63}},"299":{"start":{"line":1046,"column":16},"end":{"line":1046,"column":52}},"300":{"start":{"line":1048,"column":12},"end":{"line":1048,"column":20}},"301":{"start":{"line":1051,"column":14},"end":{"line":1173,"column":9}},"302":{"start":{"line":1053,"column":11},"end":{"line":1102,"column":10}},"303":{"start":{"line":1053,"column":24},"end":{"line":1053,"column":25}},"304":{"start":{"line":1055,"column":12},"end":{"line":1055,"column":60}},"305":{"start":{"line":1056,"column":12},"end":{"line":1100,"column":13}},"306":{"start":{"line":1058,"column":15},"end":{"line":1093,"column":16}},"307":{"start":{"line":1060,"column":16},"end":{"line":1074,"column":17}},"308":{"start":{"line":1063,"column":21},"end":{"line":1063,"column":106}},"309":{"start":{"line":1064,"column":21},"end":{"line":1064,"column":108}},"310":{"start":{"line":1065,"column":21},"end":{"line":1065,"column":57}},"311":{"start":{"line":1070,"column":18},"end":{"line":1070,"column":102}},"312":{"start":{"line":1071,"column":18},"end":{"line":1071,"column":104}},"313":{"start":{"line":1072,"column":18},"end":{"line":1072,"column":54}},"314":{"start":{"line":1078,"column":16},"end":{"line":1092,"column":17}},"315":{"start":{"line":1081,"column":21},"end":{"line":1081,"column":106}},"316":{"start":{"line":1082,"column":21},"end":{"line":1082,"column":108}},"317":{"start":{"line":1083,"column":21},"end":{"line":1083,"column":57}},"318":{"start":{"line":1088,"column":18},"end":{"line":1088,"column":102}},"319":{"start":{"line":1089,"column":18},"end":{"line":1089,"column":104}},"320":{"start":{"line":1090,"column":18},"end":{"line":1090,"column":54}},"321":{"start":{"line":1097,"column":17},"end":{"line":1097,"column":67}},"322":{"start":{"line":1098,"column":17},"end":{"line":1098,"column":70}},"323":{"start":{"line":1099,"column":16},"end":{"line":1099,"column":52}},"324":{"start":{"line":1101,"column":12},"end":{"line":1101,"column":20}},"325":{"start":{"line":1104,"column":14},"end":{"line":1173,"column":9}},"326":{"start":{"line":1106,"column":10},"end":{"line":1172,"column":10}},"327":{"start":{"line":1106,"column":23},"end":{"line":1106,"column":24}},"328":{"start":{"line":1109,"column":12},"end":{"line":1123,"column":13}},"329":{"start":{"line":1111,"column":12},"end":{"line":1118,"column":13}},"330":{"start":{"line":1113,"column":15},"end":{"line":1113,"column":58}},"331":{"start":{"line":1117,"column":14},"end":{"line":1117,"column":39}},"332":{"start":{"line":1122,"column":14},"end":{"line":1122,"column":39}},"333":{"start":{"line":1125,"column":11},"end":{"line":1169,"column":12}},"334":{"start":{"line":1127,"column":14},"end":{"line":1162,"column":15}},"335":{"start":{"line":1129,"column":15},"end":{"line":1143,"column":16}},"336":{"start":{"line":1132,"column":20},"end":{"line":1132,"column":95}},"337":{"start":{"line":1133,"column":20},"end":{"line":1133,"column":97}},"338":{"start":{"line":1134,"column":20},"end":{"line":1134,"column":56}},"339":{"start":{"line":1139,"column":17},"end":{"line":1139,"column":91}},"340":{"start":{"line":1140,"column":17},"end":{"line":1140,"column":94}},"341":{"start":{"line":1141,"column":17},"end":{"line":1141,"column":53}},"342":{"start":{"line":1147,"column":15},"end":{"line":1161,"column":16}},"343":{"start":{"line":1150,"column":20},"end":{"line":1150,"column":95}},"344":{"start":{"line":1151,"column":20},"end":{"line":1151,"column":97}},"345":{"start":{"line":1152,"column":20},"end":{"line":1152,"column":56}},"346":{"start":{"line":1157,"column":17},"end":{"line":1157,"column":91}},"347":{"start":{"line":1158,"column":17},"end":{"line":1158,"column":92}},"348":{"start":{"line":1159,"column":17},"end":{"line":1159,"column":53}},"349":{"start":{"line":1166,"column":16},"end":{"line":1166,"column":56}},"350":{"start":{"line":1167,"column":16},"end":{"line":1167,"column":59}},"351":{"start":{"line":1168,"column":15},"end":{"line":1168,"column":51}},"352":{"start":{"line":1170,"column":11},"end":{"line":1170,"column":19}},"353":{"start":{"line":1175,"column":9},"end":{"line":1175,"column":24}},"354":{"start":{"line":1179,"column":0},"end":{"line":1212,"column":3}},"355":{"start":{"line":1180,"column":19},"end":{"line":1180,"column":36}},"356":{"start":{"line":1181,"column":4},"end":{"line":1210,"column":6}},"357":{"start":{"line":1182,"column":7},"end":{"line":1209,"column":8}},"358":{"start":{"line":1184,"column":10},"end":{"line":1184,"column":54}},"359":{"start":{"line":1187,"column":25},"end":{"line":1187,"column":42}},"360":{"start":{"line":1188,"column":25},"end":{"line":1188,"column":68}},"361":{"start":{"line":1189,"column":29},"end":{"line":1189,"column":50}},"362":{"start":{"line":1190,"column":10},"end":{"line":1208,"column":11}},"363":{"start":{"line":1192,"column":10},"end":{"line":1192,"column":76}},"364":{"start":{"line":1195,"column":33},"end":{"line":1195,"column":69}},"365":{"start":{"line":1196,"column":12},"end":{"line":1207,"column":13}},"366":{"start":{"line":1198,"column":16},"end":{"line":1204,"column":17}},"367":{"start":{"line":1200,"column":18},"end":{"line":1200,"column":35}},"368":{"start":{"line":1203,"column":18},"end":{"line":1203,"column":48}},"369":{"start":{"line":1215,"column":0},"end":{"line":1239,"column":3}},"370":{"start":{"line":1216,"column":17},"end":{"line":1216,"column":34}},"371":{"start":{"line":1217,"column":17},"end":{"line":1217,"column":34}},"372":{"start":{"line":1218,"column":2},"end":{"line":1238,"column":4}},"373":{"start":{"line":1219,"column":2},"end":{"line":1236,"column":3}},"374":{"start":{"line":1221,"column":3},"end":{"line":1221,"column":69}},"375":{"start":{"line":1222,"column":9},"end":{"line":1236,"column":3}},"376":{"start":{"line":1223,"column":24},"end":{"line":1223,"column":60}},"377":{"start":{"line":1224,"column":3},"end":{"line":1231,"column":4}},"378":{"start":{"line":1226,"column":8},"end":{"line":1226,"column":38}},"379":{"start":{"line":1230,"column":4},"end":{"line":1230,"column":73}},"380":{"start":{"line":1235,"column":6},"end":{"line":1235,"column":67}},"381":{"start":{"line":1242,"column":0},"end":{"line":1253,"column":3}},"382":{"start":{"line":1243,"column":17},"end":{"line":1243,"column":34}},"383":{"start":{"line":1244,"column":14},"end":{"line":1244,"column":28}},"384":{"start":{"line":1245,"column":2},"end":{"line":1252,"column":2}},"385":{"start":{"line":1247,"column":2},"end":{"line":1251,"column":5}},"386":{"start":{"line":1249,"column":7},"end":{"line":1249,"column":25}},"387":{"start":{"line":1250,"column":7},"end":{"line":1250,"column":34}},"388":{"start":{"line":1256,"column":0},"end":{"line":1277,"column":3}},"389":{"start":{"line":1257,"column":17},"end":{"line":1257,"column":34}},"390":{"start":{"line":1258,"column":2},"end":{"line":1276,"column":2}},"391":{"start":{"line":1260,"column":2},"end":{"line":1275,"column":7}},"392":{"start":{"line":1261,"column":22},"end":{"line":1261,"column":24}},"393":{"start":{"line":1262,"column":6},"end":{"line":1273,"column":7}},"394":{"start":{"line":1264,"column":6},"end":{"line":1267,"column":7}},"395":{"start":{"line":1264,"column":19},"end":{"line":1264,"column":20}},"396":{"start":{"line":1266,"column":6},"end":{"line":1266,"column":36}},"397":{"start":{"line":1268,"column":6},"end":{"line":1268,"column":38}},"398":{"start":{"line":1272,"column":6},"end":{"line":1272,"column":59}},"399":{"start":{"line":1284,"column":0},"end":{"line":1284,"column":24}}},"fnMap":{"0":{"name":"(anonymous_0)","decl":{"start":{"line":28,"column":16},"end":{"line":28,"column":17}},"loc":{"start":{"line":28,"column":30},"end":{"line":32,"column":1}},"line":28},"1":{"name":"(anonymous_1)","decl":{"start":{"line":41,"column":23},"end":{"line":41,"column":24}},"loc":{"start":{"line":41,"column":42},"end":{"line":106,"column":1}},"line":41},"2":{"name":"(anonymous_2)","decl":{"start":{"line":48,"column":31},"end":{"line":48,"column":32}},"loc":{"start":{"line":48,"column":57},"end":{"line":104,"column":5}},"line":48},"3":{"name":"(anonymous_3)","decl":{"start":{"line":90,"column":8},"end":{"line":90,"column":9}},"loc":{"start":{"line":90,"column":41},"end":{"line":103,"column":6}},"line":90},"4":{"name":"(anonymous_4)","decl":{"start":{"line":112,"column":25},"end":{"line":112,"column":26}},"loc":{"start":{"line":112,"column":44},"end":{"line":181,"column":1}},"line":112},"5":{"name":"(anonymous_5)","decl":{"start":{"line":119,"column":31},"end":{"line":119,"column":32}},"loc":{"start":{"line":119,"column":57},"end":{"line":180,"column":5}},"line":119},"6":{"name":"(anonymous_6)","decl":{"start":{"line":163,"column":8},"end":{"line":163,"column":9}},"loc":{"start":{"line":163,"column":41},"end":{"line":178,"column":6}},"line":163},"7":{"name":"(anonymous_7)","decl":{"start":{"line":190,"column":27},"end":{"line":190,"column":28}},"loc":{"start":{"line":190,"column":46},"end":{"line":255,"column":1}},"line":190},"8":{"name":"(anonymous_8)","decl":{"start":{"line":199,"column":35},"end":{"line":199,"column":36}},"loc":{"start":{"line":199,"column":61},"end":{"line":253,"column":5}},"line":199},"9":{"name":"(anonymous_9)","decl":{"start":{"line":239,"column":8},"end":{"line":239,"column":9}},"loc":{"start":{"line":239,"column":41},"end":{"line":252,"column":6}},"line":239},"10":{"name":"(anonymous_10)","decl":{"start":{"line":262,"column":25},"end":{"line":262,"column":26}},"loc":{"start":{"line":262,"column":44},"end":{"line":309,"column":1}},"line":262},"11":{"name":"(anonymous_11)","decl":{"start":{"line":269,"column":32},"end":{"line":269,"column":33}},"loc":{"start":{"line":269,"column":58},"end":{"line":308,"column":5}},"line":269},"12":{"name":"(anonymous_12)","decl":{"start":{"line":294,"column":8},"end":{"line":294,"column":9}},"loc":{"start":{"line":294,"column":41},"end":{"line":306,"column":6}},"line":294},"13":{"name":"(anonymous_13)","decl":{"start":{"line":316,"column":25},"end":{"line":316,"column":26}},"loc":{"start":{"line":316,"column":44},"end":{"line":365,"column":1}},"line":316},"14":{"name":"(anonymous_14)","decl":{"start":{"line":323,"column":32},"end":{"line":323,"column":33}},"loc":{"start":{"line":323,"column":58},"end":{"line":363,"column":5}},"line":323},"15":{"name":"(anonymous_15)","decl":{"start":{"line":346,"column":8},"end":{"line":346,"column":9}},"loc":{"start":{"line":346,"column":41},"end":{"line":362,"column":6}},"line":346},"16":{"name":"(anonymous_16)","decl":{"start":{"line":372,"column":25},"end":{"line":372,"column":26}},"loc":{"start":{"line":372,"column":44},"end":{"line":394,"column":2}},"line":372},"17":{"name":"(anonymous_17)","decl":{"start":{"line":374,"column":30},"end":{"line":374,"column":31}},"loc":{"start":{"line":374,"column":56},"end":{"line":392,"column":5}},"line":374},"18":{"name":"(anonymous_18)","decl":{"start":{"line":382,"column":9},"end":{"line":382,"column":10}},"loc":{"start":{"line":382,"column":42},"end":{"line":391,"column":7}},"line":382},"19":{"name":"(anonymous_19)","decl":{"start":{"line":401,"column":22},"end":{"line":401,"column":23}},"loc":{"start":{"line":401,"column":41},"end":{"line":507,"column":1}},"line":401},"20":{"name":"(anonymous_20)","decl":{"start":{"line":514,"column":29},"end":{"line":514,"column":30}},"loc":{"start":{"line":514,"column":48},"end":{"line":539,"column":1}},"line":514},"21":{"name":"(anonymous_21)","decl":{"start":{"line":517,"column":31},"end":{"line":517,"column":32}},"loc":{"start":{"line":517,"column":57},"end":{"line":537,"column":3}},"line":517},"22":{"name":"(anonymous_22)","decl":{"start":{"line":527,"column":5},"end":{"line":527,"column":6}},"loc":{"start":{"line":527,"column":38},"end":{"line":536,"column":3}},"line":527},"23":{"name":"(anonymous_23)","decl":{"start":{"line":546,"column":22},"end":{"line":546,"column":23}},"loc":{"start":{"line":546,"column":41},"end":{"line":601,"column":2}},"line":546},"24":{"name":"(anonymous_24)","decl":{"start":{"line":553,"column":33},"end":{"line":553,"column":34}},"loc":{"start":{"line":553,"column":59},"end":{"line":600,"column":5}},"line":553},"25":{"name":"(anonymous_25)","decl":{"start":{"line":588,"column":9},"end":{"line":588,"column":10}},"loc":{"start":{"line":588,"column":42},"end":{"line":598,"column":7}},"line":588},"26":{"name":"(anonymous_26)","decl":{"start":{"line":608,"column":29},"end":{"line":608,"column":30}},"loc":{"start":{"line":608,"column":48},"end":{"line":678,"column":2}},"line":608},"27":{"name":"(anonymous_27)","decl":{"start":{"line":616,"column":33},"end":{"line":616,"column":34}},"loc":{"start":{"line":616,"column":59},"end":{"line":675,"column":5}},"line":616},"28":{"name":"(anonymous_28)","decl":{"start":{"line":662,"column":9},"end":{"line":662,"column":10}},"loc":{"start":{"line":662,"column":42},"end":{"line":673,"column":7}},"line":662},"29":{"name":"(anonymous_29)","decl":{"start":{"line":685,"column":25},"end":{"line":685,"column":26}},"loc":{"start":{"line":685,"column":44},"end":{"line":745,"column":2}},"line":685},"30":{"name":"(anonymous_30)","decl":{"start":{"line":693,"column":33},"end":{"line":693,"column":34}},"loc":{"start":{"line":693,"column":59},"end":{"line":744,"column":5}},"line":693},"31":{"name":"(anonymous_31)","decl":{"start":{"line":731,"column":9},"end":{"line":731,"column":10}},"loc":{"start":{"line":731,"column":42},"end":{"line":742,"column":7}},"line":731},"32":{"name":"(anonymous_32)","decl":{"start":{"line":752,"column":28},"end":{"line":752,"column":29}},"loc":{"start":{"line":752,"column":47},"end":{"line":812,"column":2}},"line":752},"33":{"name":"(anonymous_33)","decl":{"start":{"line":760,"column":33},"end":{"line":760,"column":34}},"loc":{"start":{"line":760,"column":59},"end":{"line":811,"column":5}},"line":760},"34":{"name":"(anonymous_34)","decl":{"start":{"line":798,"column":9},"end":{"line":798,"column":10}},"loc":{"start":{"line":798,"column":42},"end":{"line":809,"column":7}},"line":798},"35":{"name":"(anonymous_35)","decl":{"start":{"line":819,"column":25},"end":{"line":819,"column":26}},"loc":{"start":{"line":819,"column":44},"end":{"line":863,"column":2}},"line":819},"36":{"name":"(anonymous_36)","decl":{"start":{"line":826,"column":33},"end":{"line":826,"column":34}},"loc":{"start":{"line":826,"column":59},"end":{"line":862,"column":5}},"line":826},"37":{"name":"(anonymous_37)","decl":{"start":{"line":849,"column":9},"end":{"line":849,"column":10}},"loc":{"start":{"line":849,"column":42},"end":{"line":860,"column":7}},"line":849},"38":{"name":"(anonymous_38)","decl":{"start":{"line":870,"column":28},"end":{"line":870,"column":29}},"loc":{"start":{"line":870,"column":47},"end":{"line":938,"column":2}},"line":870},"39":{"name":"(anonymous_39)","decl":{"start":{"line":877,"column":33},"end":{"line":877,"column":34}},"loc":{"start":{"line":877,"column":59},"end":{"line":937,"column":5}},"line":877},"40":{"name":"(anonymous_40)","decl":{"start":{"line":925,"column":9},"end":{"line":925,"column":10}},"loc":{"start":{"line":925,"column":42},"end":{"line":935,"column":7}},"line":925},"41":{"name":"addingWage","decl":{"start":{"line":941,"column":9},"end":{"line":941,"column":19}},"loc":{"start":{"line":942,"column":0},"end":{"line":1176,"column":1}},"line":942},"42":{"name":"(anonymous_42)","decl":{"start":{"line":1179,"column":24},"end":{"line":1179,"column":25}},"loc":{"start":{"line":1179,"column":43},"end":{"line":1212,"column":1}},"line":1179},"43":{"name":"(anonymous_43)","decl":{"start":{"line":1181,"column":24},"end":{"line":1181,"column":25}},"loc":{"start":{"line":1181,"column":44},"end":{"line":1210,"column":5}},"line":1181},"44":{"name":"(anonymous_44)","decl":{"start":{"line":1196,"column":73},"end":{"line":1196,"column":74}},"loc":{"start":{"line":1196,"column":93},"end":{"line":1207,"column":11}},"line":1196},"45":{"name":"(anonymous_45)","decl":{"start":{"line":1215,"column":22},"end":{"line":1215,"column":23}},"loc":{"start":{"line":1215,"column":41},"end":{"line":1239,"column":1}},"line":1215},"46":{"name":"(anonymous_46)","decl":{"start":{"line":1218,"column":22},"end":{"line":1218,"column":23}},"loc":{"start":{"line":1218,"column":42},"end":{"line":1238,"column":2}},"line":1218},"47":{"name":"(anonymous_47)","decl":{"start":{"line":1242,"column":26},"end":{"line":1242,"column":27}},"loc":{"start":{"line":1242,"column":45},"end":{"line":1253,"column":1}},"line":1242},"48":{"name":"(anonymous_48)","decl":{"start":{"line":1247,"column":31},"end":{"line":1247,"column":32}},"loc":{"start":{"line":1248,"column":2},"end":{"line":1251,"column":3}},"line":1248},"49":{"name":"(anonymous_49)","decl":{"start":{"line":1256,"column":27},"end":{"line":1256,"column":28}},"loc":{"start":{"line":1256,"column":46},"end":{"line":1277,"column":1}},"line":1256},"50":{"name":"(anonymous_50)","decl":{"start":{"line":1260,"column":29},"end":{"line":1260,"column":30}},"loc":{"start":{"line":1260,"column":49},"end":{"line":1275,"column":5}},"line":1260}},"branchMap":{"0":{"loc":{"start":{"line":42,"column":17},"end":{"line":42,"column":67}},"type":"cond-expr","locations":[{"start":{"line":42,"column":37},"end":{"line":42,"column":54}},{"start":{"line":42,"column":57},"end":{"line":42,"column":67}}],"line":42},"1":{"loc":{"start":{"line":43,"column":15},"end":{"line":43,"column":54}},"type":"cond-expr","locations":[{"start":{"line":43,"column":33},"end":{"line":43,"column":48}},{"start":{"line":43,"column":51},"end":{"line":43,"column":54}}],"line":43},"2":{"loc":{"start":{"line":44,"column":14},"end":{"line":44,"column":57}},"type":"cond-expr","locations":[{"start":{"line":44,"column":30},"end":{"line":44,"column":44}},{"start":{"line":44,"column":47},"end":{"line":44,"column":57}}],"line":44},"3":{"loc":{"start":{"line":45,"column":19},"end":{"line":45,"column":65}},"type":"cond-expr","locations":[{"start":{"line":45,"column":36},"end":{"line":45,"column":51}},{"start":{"line":45,"column":53},"end":{"line":45,"column":65}}],"line":45},"4":{"loc":{"start":{"line":46,"column":19},"end":{"line":46,"column":62}},"type":"cond-expr","locations":[{"start":{"line":46,"column":34},"end":{"line":46,"column":47}},{"start":{"line":46,"column":50},"end":{"line":46,"column":62}}],"line":46},"5":{"loc":{"start":{"line":49,"column":4},"end":{"line":53,"column":5}},"type":"if","locations":[{"start":{"line":49,"column":4},"end":{"line":53,"column":5}},{"start":{},"end":{}}],"line":49},"6":{"loc":{"start":{"line":91,"column":7},"end":{"line":101,"column":8}},"type":"if","locations":[{"start":{"line":91,"column":7},"end":{"line":101,"column":8}},{"start":{"line":95,"column":12},"end":{"line":101,"column":8}}],"line":91},"7":{"loc":{"start":{"line":95,"column":12},"end":{"line":101,"column":8}},"type":"if","locations":[{"start":{"line":95,"column":12},"end":{"line":101,"column":8}},{"start":{},"end":{}}],"line":95},"8":{"loc":{"start":{"line":113,"column":18},"end":{"line":113,"column":68}},"type":"cond-expr","locations":[{"start":{"line":113,"column":38},"end":{"line":113,"column":55}},{"start":{"line":113,"column":58},"end":{"line":113,"column":68}}],"line":113},"9":{"loc":{"start":{"line":114,"column":16},"end":{"line":114,"column":55}},"type":"cond-expr","locations":[{"start":{"line":114,"column":34},"end":{"line":114,"column":49}},{"start":{"line":114,"column":52},"end":{"line":114,"column":55}}],"line":114},"10":{"loc":{"start":{"line":115,"column":15},"end":{"line":115,"column":58}},"type":"cond-expr","locations":[{"start":{"line":115,"column":31},"end":{"line":115,"column":45}},{"start":{"line":115,"column":48},"end":{"line":115,"column":58}}],"line":115},"11":{"loc":{"start":{"line":116,"column":20},"end":{"line":116,"column":66}},"type":"cond-expr","locations":[{"start":{"line":116,"column":37},"end":{"line":116,"column":52}},{"start":{"line":116,"column":54},"end":{"line":116,"column":66}}],"line":116},"12":{"loc":{"start":{"line":117,"column":20},"end":{"line":117,"column":63}},"type":"cond-expr","locations":[{"start":{"line":117,"column":35},"end":{"line":117,"column":48}},{"start":{"line":117,"column":51},"end":{"line":117,"column":63}}],"line":117},"13":{"loc":{"start":{"line":120,"column":4},"end":{"line":124,"column":5}},"type":"if","locations":[{"start":{"line":120,"column":4},"end":{"line":124,"column":5}},{"start":{},"end":{}}],"line":120},"14":{"loc":{"start":{"line":164,"column":7},"end":{"line":176,"column":8}},"type":"if","locations":[{"start":{"line":164,"column":7},"end":{"line":176,"column":8}},{"start":{"line":168,"column":12},"end":{"line":176,"column":8}}],"line":164},"15":{"loc":{"start":{"line":168,"column":12},"end":{"line":176,"column":8}},"type":"if","locations":[{"start":{"line":168,"column":12},"end":{"line":176,"column":8}},{"start":{},"end":{}}],"line":168},"16":{"loc":{"start":{"line":191,"column":17},"end":{"line":191,"column":67}},"type":"cond-expr","locations":[{"start":{"line":191,"column":37},"end":{"line":191,"column":54}},{"start":{"line":191,"column":57},"end":{"line":191,"column":67}}],"line":191},"17":{"loc":{"start":{"line":192,"column":15},"end":{"line":192,"column":54}},"type":"cond-expr","locations":[{"start":{"line":192,"column":33},"end":{"line":192,"column":48}},{"start":{"line":192,"column":51},"end":{"line":192,"column":54}}],"line":192},"18":{"loc":{"start":{"line":193,"column":16},"end":{"line":193,"column":68}},"type":"cond-expr","locations":[{"start":{"line":193,"column":35},"end":{"line":193,"column":51}},{"start":{"line":193,"column":53},"end":{"line":193,"column":68}}],"line":193},"19":{"loc":{"start":{"line":194,"column":19},"end":{"line":194,"column":58}},"type":"cond-expr","locations":[{"start":{"line":194,"column":38},"end":{"line":194,"column":54}},{"start":{"line":194,"column":56},"end":{"line":194,"column":58}}],"line":194},"20":{"loc":{"start":{"line":195,"column":14},"end":{"line":195,"column":57}},"type":"cond-expr","locations":[{"start":{"line":195,"column":31},"end":{"line":195,"column":45}},{"start":{"line":195,"column":47},"end":{"line":195,"column":57}}],"line":195},"21":{"loc":{"start":{"line":196,"column":19},"end":{"line":196,"column":65}},"type":"cond-expr","locations":[{"start":{"line":196,"column":36},"end":{"line":196,"column":51}},{"start":{"line":196,"column":53},"end":{"line":196,"column":65}}],"line":196},"22":{"loc":{"start":{"line":197,"column":20},"end":{"line":197,"column":63}},"type":"cond-expr","locations":[{"start":{"line":197,"column":35},"end":{"line":197,"column":48}},{"start":{"line":197,"column":51},"end":{"line":197,"column":63}}],"line":197},"23":{"loc":{"start":{"line":200,"column":4},"end":{"line":204,"column":5}},"type":"if","locations":[{"start":{"line":200,"column":4},"end":{"line":204,"column":5}},{"start":{},"end":{}}],"line":200},"24":{"loc":{"start":{"line":240,"column":7},"end":{"line":250,"column":8}},"type":"if","locations":[{"start":{"line":240,"column":7},"end":{"line":250,"column":8}},{"start":{"line":244,"column":12},"end":{"line":250,"column":8}}],"line":240},"25":{"loc":{"start":{"line":244,"column":12},"end":{"line":250,"column":8}},"type":"if","locations":[{"start":{"line":244,"column":12},"end":{"line":250,"column":8}},{"start":{},"end":{}}],"line":244},"26":{"loc":{"start":{"line":263,"column":17},"end":{"line":263,"column":67}},"type":"cond-expr","locations":[{"start":{"line":263,"column":37},"end":{"line":263,"column":54}},{"start":{"line":263,"column":57},"end":{"line":263,"column":67}}],"line":263},"27":{"loc":{"start":{"line":264,"column":15},"end":{"line":264,"column":54}},"type":"cond-expr","locations":[{"start":{"line":264,"column":33},"end":{"line":264,"column":48}},{"start":{"line":264,"column":51},"end":{"line":264,"column":54}}],"line":264},"28":{"loc":{"start":{"line":265,"column":14},"end":{"line":265,"column":57}},"type":"cond-expr","locations":[{"start":{"line":265,"column":31},"end":{"line":265,"column":45}},{"start":{"line":265,"column":47},"end":{"line":265,"column":57}}],"line":265},"29":{"loc":{"start":{"line":266,"column":19},"end":{"line":266,"column":65}},"type":"cond-expr","locations":[{"start":{"line":266,"column":36},"end":{"line":266,"column":51}},{"start":{"line":266,"column":53},"end":{"line":266,"column":65}}],"line":266},"30":{"loc":{"start":{"line":267,"column":20},"end":{"line":267,"column":63}},"type":"cond-expr","locations":[{"start":{"line":267,"column":35},"end":{"line":267,"column":48}},{"start":{"line":267,"column":51},"end":{"line":267,"column":63}}],"line":267},"31":{"loc":{"start":{"line":270,"column":4},"end":{"line":274,"column":5}},"type":"if","locations":[{"start":{"line":270,"column":4},"end":{"line":274,"column":5}},{"start":{},"end":{}}],"line":270},"32":{"loc":{"start":{"line":295,"column":7},"end":{"line":303,"column":8}},"type":"if","locations":[{"start":{"line":295,"column":7},"end":{"line":303,"column":8}},{"start":{"line":299,"column":12},"end":{"line":303,"column":8}}],"line":295},"33":{"loc":{"start":{"line":299,"column":12},"end":{"line":303,"column":8}},"type":"if","locations":[{"start":{"line":299,"column":12},"end":{"line":303,"column":8}},{"start":{},"end":{}}],"line":299},"34":{"loc":{"start":{"line":317,"column":17},"end":{"line":317,"column":67}},"type":"cond-expr","locations":[{"start":{"line":317,"column":37},"end":{"line":317,"column":54}},{"start":{"line":317,"column":57},"end":{"line":317,"column":67}}],"line":317},"35":{"loc":{"start":{"line":318,"column":15},"end":{"line":318,"column":54}},"type":"cond-expr","locations":[{"start":{"line":318,"column":33},"end":{"line":318,"column":48}},{"start":{"line":318,"column":51},"end":{"line":318,"column":54}}],"line":318},"36":{"loc":{"start":{"line":319,"column":14},"end":{"line":319,"column":57}},"type":"cond-expr","locations":[{"start":{"line":319,"column":31},"end":{"line":319,"column":45}},{"start":{"line":319,"column":47},"end":{"line":319,"column":57}}],"line":319},"37":{"loc":{"start":{"line":320,"column":19},"end":{"line":320,"column":65}},"type":"cond-expr","locations":[{"start":{"line":320,"column":36},"end":{"line":320,"column":51}},{"start":{"line":320,"column":53},"end":{"line":320,"column":65}}],"line":320},"38":{"loc":{"start":{"line":321,"column":19},"end":{"line":321,"column":62}},"type":"cond-expr","locations":[{"start":{"line":321,"column":34},"end":{"line":321,"column":47}},{"start":{"line":321,"column":50},"end":{"line":321,"column":62}}],"line":321},"39":{"loc":{"start":{"line":324,"column":4},"end":{"line":328,"column":5}},"type":"if","locations":[{"start":{"line":324,"column":4},"end":{"line":328,"column":5}},{"start":{},"end":{}}],"line":324},"40":{"loc":{"start":{"line":347,"column":7},"end":{"line":360,"column":8}},"type":"if","locations":[{"start":{"line":347,"column":7},"end":{"line":360,"column":8}},{"start":{"line":351,"column":12},"end":{"line":360,"column":8}}],"line":347},"41":{"loc":{"start":{"line":351,"column":12},"end":{"line":360,"column":8}},"type":"if","locations":[{"start":{"line":351,"column":12},"end":{"line":360,"column":8}},{"start":{},"end":{}}],"line":351},"42":{"loc":{"start":{"line":375,"column":4},"end":{"line":379,"column":5}},"type":"if","locations":[{"start":{"line":375,"column":4},"end":{"line":379,"column":5}},{"start":{},"end":{}}],"line":375},"43":{"loc":{"start":{"line":383,"column":8},"end":{"line":389,"column":9}},"type":"if","locations":[{"start":{"line":383,"column":8},"end":{"line":389,"column":9}},{"start":{"line":387,"column":13},"end":{"line":389,"column":9}}],"line":383},"44":{"loc":{"start":{"line":387,"column":13},"end":{"line":389,"column":9}},"type":"if","locations":[{"start":{"line":387,"column":13},"end":{"line":389,"column":9}},{"start":{},"end":{}}],"line":387},"45":{"loc":{"start":{"line":516,"column":15},"end":{"line":516,"column":58}},"type":"cond-expr","locations":[{"start":{"line":516,"column":32},"end":{"line":516,"column":46}},{"start":{"line":516,"column":48},"end":{"line":516,"column":58}}],"line":516},"46":{"loc":{"start":{"line":518,"column":4},"end":{"line":522,"column":5}},"type":"if","locations":[{"start":{"line":518,"column":4},"end":{"line":522,"column":5}},{"start":{},"end":{}}],"line":518},"47":{"loc":{"start":{"line":528,"column":4},"end":{"line":534,"column":5}},"type":"if","locations":[{"start":{"line":528,"column":4},"end":{"line":534,"column":5}},{"start":{"line":532,"column":9},"end":{"line":534,"column":5}}],"line":528},"48":{"loc":{"start":{"line":532,"column":9},"end":{"line":534,"column":5}},"type":"if","locations":[{"start":{"line":532,"column":9},"end":{"line":534,"column":5}},{"start":{},"end":{}}],"line":532},"49":{"loc":{"start":{"line":547,"column":18},"end":{"line":547,"column":68}},"type":"cond-expr","locations":[{"start":{"line":547,"column":38},"end":{"line":547,"column":55}},{"start":{"line":547,"column":58},"end":{"line":547,"column":68}}],"line":547},"50":{"loc":{"start":{"line":548,"column":16},"end":{"line":548,"column":55}},"type":"cond-expr","locations":[{"start":{"line":548,"column":34},"end":{"line":548,"column":49}},{"start":{"line":548,"column":52},"end":{"line":548,"column":55}}],"line":548},"51":{"loc":{"start":{"line":549,"column":15},"end":{"line":549,"column":58}},"type":"cond-expr","locations":[{"start":{"line":549,"column":32},"end":{"line":549,"column":46}},{"start":{"line":549,"column":48},"end":{"line":549,"column":58}}],"line":549},"52":{"loc":{"start":{"line":550,"column":20},"end":{"line":550,"column":66}},"type":"cond-expr","locations":[{"start":{"line":550,"column":37},"end":{"line":550,"column":52}},{"start":{"line":550,"column":54},"end":{"line":550,"column":66}}],"line":550},"53":{"loc":{"start":{"line":551,"column":21},"end":{"line":551,"column":64}},"type":"cond-expr","locations":[{"start":{"line":551,"column":36},"end":{"line":551,"column":49}},{"start":{"line":551,"column":52},"end":{"line":551,"column":64}}],"line":551},"54":{"loc":{"start":{"line":554,"column":6},"end":{"line":558,"column":7}},"type":"if","locations":[{"start":{"line":554,"column":6},"end":{"line":558,"column":7}},{"start":{},"end":{}}],"line":554},"55":{"loc":{"start":{"line":589,"column":8},"end":{"line":596,"column":9}},"type":"if","locations":[{"start":{"line":589,"column":8},"end":{"line":596,"column":9}},{"start":{"line":593,"column":13},"end":{"line":596,"column":9}}],"line":589},"56":{"loc":{"start":{"line":593,"column":13},"end":{"line":596,"column":9}},"type":"if","locations":[{"start":{"line":593,"column":13},"end":{"line":596,"column":9}},{"start":{},"end":{}}],"line":593},"57":{"loc":{"start":{"line":609,"column":18},"end":{"line":609,"column":68}},"type":"cond-expr","locations":[{"start":{"line":609,"column":38},"end":{"line":609,"column":55}},{"start":{"line":609,"column":58},"end":{"line":609,"column":68}}],"line":609},"58":{"loc":{"start":{"line":610,"column":16},"end":{"line":610,"column":55}},"type":"cond-expr","locations":[{"start":{"line":610,"column":34},"end":{"line":610,"column":49}},{"start":{"line":610,"column":52},"end":{"line":610,"column":55}}],"line":610},"59":{"loc":{"start":{"line":611,"column":15},"end":{"line":611,"column":53}},"type":"cond-expr","locations":[{"start":{"line":611,"column":32},"end":{"line":611,"column":46}},{"start":{"line":611,"column":49},"end":{"line":611,"column":53}}],"line":611},"60":{"loc":{"start":{"line":612,"column":15},"end":{"line":612,"column":58}},"type":"cond-expr","locations":[{"start":{"line":612,"column":32},"end":{"line":612,"column":46}},{"start":{"line":612,"column":48},"end":{"line":612,"column":58}}],"line":612},"61":{"loc":{"start":{"line":613,"column":20},"end":{"line":613,"column":66}},"type":"cond-expr","locations":[{"start":{"line":613,"column":37},"end":{"line":613,"column":52}},{"start":{"line":613,"column":54},"end":{"line":613,"column":66}}],"line":613},"62":{"loc":{"start":{"line":614,"column":21},"end":{"line":614,"column":64}},"type":"cond-expr","locations":[{"start":{"line":614,"column":36},"end":{"line":614,"column":49}},{"start":{"line":614,"column":52},"end":{"line":614,"column":64}}],"line":614},"63":{"loc":{"start":{"line":617,"column":6},"end":{"line":621,"column":7}},"type":"if","locations":[{"start":{"line":617,"column":6},"end":{"line":621,"column":7}},{"start":{},"end":{}}],"line":617},"64":{"loc":{"start":{"line":663,"column":8},"end":{"line":670,"column":9}},"type":"if","locations":[{"start":{"line":663,"column":8},"end":{"line":670,"column":9}},{"start":{"line":667,"column":13},"end":{"line":670,"column":9}}],"line":663},"65":{"loc":{"start":{"line":667,"column":13},"end":{"line":670,"column":9}},"type":"if","locations":[{"start":{"line":667,"column":13},"end":{"line":670,"column":9}},{"start":{},"end":{}}],"line":667},"66":{"loc":{"start":{"line":686,"column":18},"end":{"line":686,"column":68}},"type":"cond-expr","locations":[{"start":{"line":686,"column":38},"end":{"line":686,"column":55}},{"start":{"line":686,"column":58},"end":{"line":686,"column":68}}],"line":686},"67":{"loc":{"start":{"line":687,"column":16},"end":{"line":687,"column":55}},"type":"cond-expr","locations":[{"start":{"line":687,"column":34},"end":{"line":687,"column":49}},{"start":{"line":687,"column":52},"end":{"line":687,"column":55}}],"line":687},"68":{"loc":{"start":{"line":688,"column":15},"end":{"line":688,"column":58}},"type":"cond-expr","locations":[{"start":{"line":688,"column":32},"end":{"line":688,"column":46}},{"start":{"line":688,"column":48},"end":{"line":688,"column":58}}],"line":688},"69":{"loc":{"start":{"line":689,"column":20},"end":{"line":689,"column":66}},"type":"cond-expr","locations":[{"start":{"line":689,"column":37},"end":{"line":689,"column":52}},{"start":{"line":689,"column":54},"end":{"line":689,"column":66}}],"line":689},"70":{"loc":{"start":{"line":690,"column":21},"end":{"line":690,"column":64}},"type":"cond-expr","locations":[{"start":{"line":690,"column":36},"end":{"line":690,"column":49}},{"start":{"line":690,"column":52},"end":{"line":690,"column":64}}],"line":690},"71":{"loc":{"start":{"line":691,"column":18},"end":{"line":691,"column":57}},"type":"cond-expr","locations":[{"start":{"line":691,"column":37},"end":{"line":691,"column":53}},{"start":{"line":691,"column":56},"end":{"line":691,"column":57}}],"line":691},"72":{"loc":{"start":{"line":694,"column":6},"end":{"line":698,"column":7}},"type":"if","locations":[{"start":{"line":694,"column":6},"end":{"line":698,"column":7}},{"start":{},"end":{}}],"line":694},"73":{"loc":{"start":{"line":732,"column":8},"end":{"line":739,"column":9}},"type":"if","locations":[{"start":{"line":732,"column":8},"end":{"line":739,"column":9}},{"start":{"line":736,"column":13},"end":{"line":739,"column":9}}],"line":732},"74":{"loc":{"start":{"line":736,"column":13},"end":{"line":739,"column":9}},"type":"if","locations":[{"start":{"line":736,"column":13},"end":{"line":739,"column":9}},{"start":{},"end":{}}],"line":736},"75":{"loc":{"start":{"line":753,"column":18},"end":{"line":753,"column":68}},"type":"cond-expr","locations":[{"start":{"line":753,"column":38},"end":{"line":753,"column":55}},{"start":{"line":753,"column":58},"end":{"line":753,"column":68}}],"line":753},"76":{"loc":{"start":{"line":754,"column":16},"end":{"line":754,"column":55}},"type":"cond-expr","locations":[{"start":{"line":754,"column":34},"end":{"line":754,"column":49}},{"start":{"line":754,"column":52},"end":{"line":754,"column":55}}],"line":754},"77":{"loc":{"start":{"line":755,"column":15},"end":{"line":755,"column":58}},"type":"cond-expr","locations":[{"start":{"line":755,"column":32},"end":{"line":755,"column":46}},{"start":{"line":755,"column":48},"end":{"line":755,"column":58}}],"line":755},"78":{"loc":{"start":{"line":756,"column":20},"end":{"line":756,"column":66}},"type":"cond-expr","locations":[{"start":{"line":756,"column":37},"end":{"line":756,"column":52}},{"start":{"line":756,"column":54},"end":{"line":756,"column":66}}],"line":756},"79":{"loc":{"start":{"line":757,"column":21},"end":{"line":757,"column":64}},"type":"cond-expr","locations":[{"start":{"line":757,"column":36},"end":{"line":757,"column":49}},{"start":{"line":757,"column":52},"end":{"line":757,"column":64}}],"line":757},"80":{"loc":{"start":{"line":758,"column":18},"end":{"line":758,"column":57}},"type":"cond-expr","locations":[{"start":{"line":758,"column":37},"end":{"line":758,"column":53}},{"start":{"line":758,"column":56},"end":{"line":758,"column":57}}],"line":758},"81":{"loc":{"start":{"line":761,"column":6},"end":{"line":765,"column":7}},"type":"if","locations":[{"start":{"line":761,"column":6},"end":{"line":765,"column":7}},{"start":{},"end":{}}],"line":761},"82":{"loc":{"start":{"line":799,"column":8},"end":{"line":806,"column":9}},"type":"if","locations":[{"start":{"line":799,"column":8},"end":{"line":806,"column":9}},{"start":{"line":803,"column":13},"end":{"line":806,"column":9}}],"line":799},"83":{"loc":{"start":{"line":803,"column":13},"end":{"line":806,"column":9}},"type":"if","locations":[{"start":{"line":803,"column":13},"end":{"line":806,"column":9}},{"start":{},"end":{}}],"line":803},"84":{"loc":{"start":{"line":820,"column":18},"end":{"line":820,"column":68}},"type":"cond-expr","locations":[{"start":{"line":820,"column":38},"end":{"line":820,"column":55}},{"start":{"line":820,"column":58},"end":{"line":820,"column":68}}],"line":820},"85":{"loc":{"start":{"line":821,"column":16},"end":{"line":821,"column":55}},"type":"cond-expr","locations":[{"start":{"line":821,"column":34},"end":{"line":821,"column":49}},{"start":{"line":821,"column":52},"end":{"line":821,"column":55}}],"line":821},"86":{"loc":{"start":{"line":822,"column":15},"end":{"line":822,"column":58}},"type":"cond-expr","locations":[{"start":{"line":822,"column":32},"end":{"line":822,"column":46}},{"start":{"line":822,"column":48},"end":{"line":822,"column":58}}],"line":822},"87":{"loc":{"start":{"line":823,"column":20},"end":{"line":823,"column":66}},"type":"cond-expr","locations":[{"start":{"line":823,"column":37},"end":{"line":823,"column":52}},{"start":{"line":823,"column":54},"end":{"line":823,"column":66}}],"line":823},"88":{"loc":{"start":{"line":824,"column":21},"end":{"line":824,"column":64}},"type":"cond-expr","locations":[{"start":{"line":824,"column":36},"end":{"line":824,"column":49}},{"start":{"line":824,"column":52},"end":{"line":824,"column":64}}],"line":824},"89":{"loc":{"start":{"line":827,"column":6},"end":{"line":831,"column":7}},"type":"if","locations":[{"start":{"line":827,"column":6},"end":{"line":831,"column":7}},{"start":{},"end":{}}],"line":827},"90":{"loc":{"start":{"line":850,"column":8},"end":{"line":857,"column":9}},"type":"if","locations":[{"start":{"line":850,"column":8},"end":{"line":857,"column":9}},{"start":{"line":854,"column":13},"end":{"line":857,"column":9}}],"line":850},"91":{"loc":{"start":{"line":854,"column":13},"end":{"line":857,"column":9}},"type":"if","locations":[{"start":{"line":854,"column":13},"end":{"line":857,"column":9}},{"start":{},"end":{}}],"line":854},"92":{"loc":{"start":{"line":871,"column":18},"end":{"line":871,"column":68}},"type":"cond-expr","locations":[{"start":{"line":871,"column":38},"end":{"line":871,"column":55}},{"start":{"line":871,"column":58},"end":{"line":871,"column":68}}],"line":871},"93":{"loc":{"start":{"line":872,"column":16},"end":{"line":872,"column":55}},"type":"cond-expr","locations":[{"start":{"line":872,"column":34},"end":{"line":872,"column":49}},{"start":{"line":872,"column":52},"end":{"line":872,"column":55}}],"line":872},"94":{"loc":{"start":{"line":873,"column":15},"end":{"line":873,"column":58}},"type":"cond-expr","locations":[{"start":{"line":873,"column":32},"end":{"line":873,"column":46}},{"start":{"line":873,"column":48},"end":{"line":873,"column":58}}],"line":873},"95":{"loc":{"start":{"line":874,"column":20},"end":{"line":874,"column":66}},"type":"cond-expr","locations":[{"start":{"line":874,"column":37},"end":{"line":874,"column":52}},{"start":{"line":874,"column":54},"end":{"line":874,"column":66}}],"line":874},"96":{"loc":{"start":{"line":875,"column":21},"end":{"line":875,"column":64}},"type":"cond-expr","locations":[{"start":{"line":875,"column":36},"end":{"line":875,"column":49}},{"start":{"line":875,"column":52},"end":{"line":875,"column":64}}],"line":875},"97":{"loc":{"start":{"line":878,"column":6},"end":{"line":882,"column":7}},"type":"if","locations":[{"start":{"line":878,"column":6},"end":{"line":882,"column":7}},{"start":{},"end":{}}],"line":878},"98":{"loc":{"start":{"line":926,"column":8},"end":{"line":933,"column":9}},"type":"if","locations":[{"start":{"line":926,"column":8},"end":{"line":933,"column":9}},{"start":{"line":930,"column":13},"end":{"line":933,"column":9}}],"line":926},"99":{"loc":{"start":{"line":930,"column":13},"end":{"line":933,"column":9}},"type":"if","locations":[{"start":{"line":930,"column":13},"end":{"line":933,"column":9}},{"start":{},"end":{}}],"line":930},"100":{"loc":{"start":{"line":945,"column":2},"end":{"line":1173,"column":9}},"type":"if","locations":[{"start":{"line":945,"column":2},"end":{"line":1173,"column":9}},{"start":{"line":998,"column":14},"end":{"line":1173,"column":9}}],"line":945},"101":{"loc":{"start":{"line":950,"column":12},"end":{"line":994,"column":13}},"type":"if","locations":[{"start":{"line":950,"column":12},"end":{"line":994,"column":13}},{"start":{"line":990,"column":12},"end":{"line":994,"column":13}}],"line":950},"102":{"loc":{"start":{"line":952,"column":15},"end":{"line":987,"column":16}},"type":"if","locations":[{"start":{"line":952,"column":15},"end":{"line":987,"column":16}},{"start":{"line":971,"column":15},"end":{"line":987,"column":16}}],"line":952},"103":{"loc":{"start":{"line":954,"column":16},"end":{"line":968,"column":17}},"type":"if","locations":[{"start":{"line":954,"column":16},"end":{"line":968,"column":17}},{"start":{"line":963,"column":16},"end":{"line":968,"column":17}}],"line":954},"104":{"loc":{"start":{"line":972,"column":16},"end":{"line":986,"column":17}},"type":"if","locations":[{"start":{"line":972,"column":16},"end":{"line":986,"column":17}},{"start":{"line":981,"column":16},"end":{"line":986,"column":17}}],"line":972},"105":{"loc":{"start":{"line":998,"column":14},"end":{"line":1173,"column":9}},"type":"if","locations":[{"start":{"line":998,"column":14},"end":{"line":1173,"column":9}},{"start":{"line":1051,"column":14},"end":{"line":1173,"column":9}}],"line":998},"106":{"loc":{"start":{"line":1003,"column":12},"end":{"line":1047,"column":13}},"type":"if","locations":[{"start":{"line":1003,"column":12},"end":{"line":1047,"column":13}},{"start":{"line":1043,"column":12},"end":{"line":1047,"column":13}}],"line":1003},"107":{"loc":{"start":{"line":1005,"column":15},"end":{"line":1040,"column":16}},"type":"if","locations":[{"start":{"line":1005,"column":15},"end":{"line":1040,"column":16}},{"start":{"line":1024,"column":15},"end":{"line":1040,"column":16}}],"line":1005},"108":{"loc":{"start":{"line":1007,"column":16},"end":{"line":1021,"column":17}},"type":"if","locations":[{"start":{"line":1007,"column":16},"end":{"line":1021,"column":17}},{"start":{"line":1016,"column":16},"end":{"line":1021,"column":17}}],"line":1007},"109":{"loc":{"start":{"line":1025,"column":16},"end":{"line":1039,"column":17}},"type":"if","locations":[{"start":{"line":1025,"column":16},"end":{"line":1039,"column":17}},{"start":{"line":1034,"column":16},"end":{"line":1039,"column":17}}],"line":1025},"110":{"loc":{"start":{"line":1051,"column":14},"end":{"line":1173,"column":9}},"type":"if","locations":[{"start":{"line":1051,"column":14},"end":{"line":1173,"column":9}},{"start":{"line":1104,"column":14},"end":{"line":1173,"column":9}}],"line":1051},"111":{"loc":{"start":{"line":1056,"column":12},"end":{"line":1100,"column":13}},"type":"if","locations":[{"start":{"line":1056,"column":12},"end":{"line":1100,"column":13}},{"start":{"line":1096,"column":12},"end":{"line":1100,"column":13}}],"line":1056},"112":{"loc":{"start":{"line":1058,"column":15},"end":{"line":1093,"column":16}},"type":"if","locations":[{"start":{"line":1058,"column":15},"end":{"line":1093,"column":16}},{"start":{"line":1077,"column":15},"end":{"line":1093,"column":16}}],"line":1058},"113":{"loc":{"start":{"line":1060,"column":16},"end":{"line":1074,"column":17}},"type":"if","locations":[{"start":{"line":1060,"column":16},"end":{"line":1074,"column":17}},{"start":{"line":1069,"column":16},"end":{"line":1074,"column":17}}],"line":1060},"114":{"loc":{"start":{"line":1078,"column":16},"end":{"line":1092,"column":17}},"type":"if","locations":[{"start":{"line":1078,"column":16},"end":{"line":1092,"column":17}},{"start":{"line":1087,"column":16},"end":{"line":1092,"column":17}}],"line":1078},"115":{"loc":{"start":{"line":1104,"column":14},"end":{"line":1173,"column":9}},"type":"if","locations":[{"start":{"line":1104,"column":14},"end":{"line":1173,"column":9}},{"start":{},"end":{}}],"line":1104},"116":{"loc":{"start":{"line":1109,"column":12},"end":{"line":1123,"column":13}},"type":"if","locations":[{"start":{"line":1109,"column":12},"end":{"line":1123,"column":13}},{"start":{"line":1121,"column":12},"end":{"line":1123,"column":13}}],"line":1109},"117":{"loc":{"start":{"line":1111,"column":12},"end":{"line":1118,"column":13}},"type":"if","locations":[{"start":{"line":1111,"column":12},"end":{"line":1118,"column":13}},{"start":{"line":1116,"column":12},"end":{"line":1118,"column":13}}],"line":1111},"118":{"loc":{"start":{"line":1125,"column":11},"end":{"line":1169,"column":12}},"type":"if","locations":[{"start":{"line":1125,"column":11},"end":{"line":1169,"column":12}},{"start":{"line":1165,"column":11},"end":{"line":1169,"column":12}}],"line":1125},"119":{"loc":{"start":{"line":1127,"column":14},"end":{"line":1162,"column":15}},"type":"if","locations":[{"start":{"line":1127,"column":14},"end":{"line":1162,"column":15}},{"start":{"line":1146,"column":14},"end":{"line":1162,"column":15}}],"line":1127},"120":{"loc":{"start":{"line":1129,"column":15},"end":{"line":1143,"column":16}},"type":"if","locations":[{"start":{"line":1129,"column":15},"end":{"line":1143,"column":16}},{"start":{"line":1138,"column":15},"end":{"line":1143,"column":16}}],"line":1129},"121":{"loc":{"start":{"line":1147,"column":15},"end":{"line":1161,"column":16}},"type":"if","locations":[{"start":{"line":1147,"column":15},"end":{"line":1161,"column":16}},{"start":{"line":1156,"column":15},"end":{"line":1161,"column":16}}],"line":1147},"122":{"loc":{"start":{"line":1182,"column":7},"end":{"line":1209,"column":8}},"type":"if","locations":[{"start":{"line":1182,"column":7},"end":{"line":1209,"column":8}},{"start":{"line":1186,"column":12},"end":{"line":1209,"column":8}}],"line":1182},"123":{"loc":{"start":{"line":1190,"column":10},"end":{"line":1208,"column":11}},"type":"if","locations":[{"start":{"line":1190,"column":10},"end":{"line":1208,"column":11}},{"start":{"line":1194,"column":15},"end":{"line":1208,"column":11}}],"line":1190},"124":{"loc":{"start":{"line":1190,"column":14},"end":{"line":1190,"column":113}},"type":"binary-expr","locations":[{"start":{"line":1190,"column":14},"end":{"line":1190,"column":35}},{"start":{"line":1190,"column":39},"end":{"line":1190,"column":60}},{"start":{"line":1190,"column":63},"end":{"line":1190,"column":84}},{"start":{"line":1190,"column":88},"end":{"line":1190,"column":113}}],"line":1190},"125":{"loc":{"start":{"line":1198,"column":16},"end":{"line":1204,"column":17}},"type":"if","locations":[{"start":{"line":1198,"column":16},"end":{"line":1204,"column":17}},{"start":{"line":1202,"column":20},"end":{"line":1204,"column":17}}],"line":1198},"126":{"loc":{"start":{"line":1219,"column":2},"end":{"line":1236,"column":3}},"type":"if","locations":[{"start":{"line":1219,"column":2},"end":{"line":1236,"column":3}},{"start":{"line":1222,"column":9},"end":{"line":1236,"column":3}}],"line":1219},"127":{"loc":{"start":{"line":1222,"column":9},"end":{"line":1236,"column":3}},"type":"if","locations":[{"start":{"line":1222,"column":9},"end":{"line":1236,"column":3}},{"start":{"line":1234,"column":2},"end":{"line":1236,"column":3}}],"line":1222},"128":{"loc":{"start":{"line":1224,"column":3},"end":{"line":1231,"column":4}},"type":"if","locations":[{"start":{"line":1224,"column":3},"end":{"line":1231,"column":4}},{"start":{"line":1229,"column":3},"end":{"line":1231,"column":4}}],"line":1224},"129":{"loc":{"start":{"line":1245,"column":2},"end":{"line":1252,"column":2}},"type":"if","locations":[{"start":{"line":1245,"column":2},"end":{"line":1252,"column":2}},{"start":{},"end":{}}],"line":1245},"130":{"loc":{"start":{"line":1258,"column":2},"end":{"line":1276,"column":2}},"type":"if","locations":[{"start":{"line":1258,"column":2},"end":{"line":1276,"column":2}},{"start":{},"end":{}}],"line":1258},"131":{"loc":{"start":{"line":1262,"column":6},"end":{"line":1273,"column":7}},"type":"if","locations":[{"start":{"line":1262,"column":6},"end":{"line":1273,"column":7}},{"start":{"line":1271,"column":6},"end":{"line":1273,"column":7}}],"line":1262},"132":{"loc":{"start":{"line":1262,"column":10},"end":{"line":1262,"column":43}},"type":"binary-expr","locations":[{"start":{"line":1262,"column":10},"end":{"line":1262,"column":27}},{"start":{"line":1262,"column":31},"end":{"line":1262,"column":43}}],"line":1262}},"s":{"0":1,"1":1,"2":1,"3":1,"4":1,"5":1,"6":1,"7":1,"8":1,"9":1,"10":0,"11":0,"12":0,"13":0,"14":0,"15":0,"16":0,"17":0,"18":0,"19":0,"20":0,"21":0,"22":0,"23":0,"24":0,"25":0,"26":0,"27":0,"28":1,"29":0,"30":0,"31":0,"32":0,"33":0,"34":0,"35":0,"36":0,"37":0,"38":0,"39":0,"40":0,"41":0,"42":0,"43":0,"44":0,"45":0,"46":0,"47":1,"48":0,"49":0,"50":0,"51":0,"52":0,"53":0,"54":0,"55":0,"56":0,"57":0,"58":0,"59":0,"60":0,"61":0,"62":0,"63":0,"64":0,"65":0,"66":0,"67":0,"68":1,"69":0,"70":0,"71":0,"72":0,"73":0,"74":0,"75":0,"76":0,"77":0,"78":0,"79":0,"80":0,"81":0,"82":0,"83":0,"84":0,"85":0,"86":0,"87":1,"88":0,"89":0,"90":0,"91":0,"92":0,"93":0,"94":0,"95":0,"96":0,"97":0,"98":0,"99":0,"100":0,"101":0,"102":0,"103":0,"104":0,"105":0,"106":1,"107":0,"108":0,"109":0,"110":0,"111":0,"112":0,"113":0,"114":0,"115":0,"116":0,"117":0,"118":1,"119":0,"120":0,"121":1,"122":0,"123":0,"124":0,"125":0,"126":0,"127":0,"128":0,"129":0,"130":0,"131":0,"132":0,"133":0,"134":1,"135":0,"136":0,"137":0,"138":0,"139":0,"140":0,"141":0,"142":0,"143":0,"144":0,"145":0,"146":0,"147":0,"148":0,"149":0,"150":0,"151":0,"152":0,"153":1,"154":0,"155":0,"156":0,"157":0,"158":0,"159":0,"160":0,"161":0,"162":0,"163":0,"164":0,"165":0,"166":0,"167":0,"168":0,"169":0,"170":0,"171":0,"172":0,"173":1,"174":0,"175":0,"176":0,"177":0,"178":0,"179":0,"180":0,"181":0,"182":0,"183":0,"184":0,"185":0,"186":0,"187":0,"188":0,"189":0,"190":0,"191":0,"192":0,"193":1,"194":0,"195":0,"196":0,"197":0,"198":0,"199":0,"200":0,"201":0,"202":0,"203":0,"204":0,"205":0,"206":0,"207":0,"208":0,"209":0,"210":0,"211":0,"212":0,"213":1,"214":0,"215":0,"216":0,"217":0,"218":0,"219":0,"220":0,"221":0,"222":0,"223":0,"224":0,"225":0,"226":0,"227":0,"228":0,"229":0,"230":0,"231":0,"232":1,"233":0,"234":0,"235":0,"236":0,"237":0,"238":0,"239":0,"240":0,"241":0,"242":0,"243":0,"244":0,"245":0,"246":0,"247":0,"248":0,"249":0,"250":0,"251":0,"252":0,"253":0,"254":0,"255":0,"256":0,"257":0,"258":0,"259":0,"260":0,"261":0,"262":0,"263":0,"264":0,"265":0,"266":0,"267":0,"268":0,"269":0,"270":0,"271":0,"272":0,"273":0,"274":0,"275":0,"276":0,"277":0,"278":0,"279":0,"280":0,"281":0,"282":0,"283":0,"284":0,"285":0,"286":0,"287":0,"288":0,"289":0,"290":0,"291":0,"292":0,"293":0,"294":0,"295":0,"296":0,"297":0,"298":0,"299":0,"300":0,"301":0,"302":0,"303":0,"304":0,"305":0,"306":0,"307":0,"308":0,"309":0,"310":0,"311":0,"312":0,"313":0,"314":0,"315":0,"316":0,"317":0,"318":0,"319":0,"320":0,"321":0,"322":0,"323":0,"324":0,"325":0,"326":0,"327":0,"328":0,"329":0,"330":0,"331":0,"332":0,"333":0,"334":0,"335":0,"336":0,"337":0,"338":0,"339":0,"340":0,"341":0,"342":0,"343":0,"344":0,"345":0,"346":0,"347":0,"348":0,"349":0,"350":0,"351":0,"352":0,"353":0,"354":1,"355":0,"356":0,"357":0,"358":0,"359":0,"360":0,"361":0,"362":0,"363":0,"364":0,"365":0,"366":0,"367":0,"368":0,"369":1,"370":0,"371":0,"372":0,"373":0,"374":0,"375":0,"376":0,"377":0,"378":0,"379":0,"380":0,"381":1,"382":0,"383":0,"384":0,"385":0,"386":0,"387":0,"388":1,"389":0,"390":0,"391":0,"392":0,"393":0,"394":0,"395":0,"396":0,"397":0,"398":0,"399":1},"f":{"0":1,"1":0,"2":0,"3":0,"4":0,"5":0,"6":0,"7":0,"8":0,"9":0,"10":0,"11":0,"12":0,"13":0,"14":0,"15":0,"16":0,"17":0,"18":0,"19":0,"20":0,"21":0,"22":0,"23":0,"24":0,"25":0,"26":0,"27":0,"28":0,"29":0,"30":0,"31":0,"32":0,"33":0,"34":0,"35":0,"36":0,"37":0,"38":0,"39":0,"40":0,"41":0,"42":0,"43":0,"44":0,"45":0,"46":0,"47":0,"48":0,"49":0,"50":0},"b":{"0":[0,0],"1":[0,0],"2":[0,0],"3":[0,0],"4":[0,0],"5":[0,0],"6":[0,0],"7":[0,0],"8":[0,0],"9":[0,0],"10":[0,0],"11":[0,0],"12":[0,0],"13":[0,0],"14":[0,0],"15":[0,0],"16":[0,0],"17":[0,0],"18":[0,0],"19":[0,0],"20":[0,0],"21":[0,0],"22":[0,0],"23":[0,0],"24":[0,0],"25":[0,0],"26":[0,0],"27":[0,0],"28":[0,0],"29":[0,0],"30":[0,0],"31":[0,0],"32":[0,0],"33":[0,0],"34":[0,0],"35":[0,0],"36":[0,0],"37":[0,0],"38":[0,0],"39":[0,0],"40":[0,0],"41":[0,0],"42":[0,0],"43":[0,0],"44":[0,0],"45":[0,0],"46":[0,0],"47":[0,0],"48":[0,0],"49":[0,0],"50":[0,0],"51":[0,0],"52":[0,0],"53":[0,0],"54":[0,0],"55":[0,0],"56":[0,0],"57":[0,0],"58":[0,0],"59":[0,0],"60":[0,0],"61":[0,0],"62":[0,0],"63":[0,0],"64":[0,0],"65":[0,0],"66":[0,0],"67":[0,0],"68":[0,0],"69":[0,0],"70":[0,0],"71":[0,0],"72":[0,0],"73":[0,0],"74":[0,0],"75":[0,0],"76":[0,0],"77":[0,0],"78":[0,0],"79":[0,0],"80":[0,0],"81":[0,0],"82":[0,0],"83":[0,0],"84":[0,0],"85":[0,0],"86":[0,0],"87":[0,0],"88":[0,0],"89":[0,0],"90":[0,0],"91":[0,0],"92":[0,0],"93":[0,0],"94":[0,0],"95":[0,0],"96":[0,0],"97":[0,0],"98":[0,0],"99":[0,0],"100":[0,0],"101":[0,0],"102":[0,0],"103":[0,0],"104":[0,0],"105":[0,0],"106":[0,0],"107":[0,0],"108":[0,0],"109":[0,0],"110":[0,0],"111":[0,0],"112":[0,0],"113":[0,0],"114":[0,0],"115":[0,0],"116":[0,0],"117":[0,0],"118":[0,0],"119":[0,0],"120":[0,0],"121":[0,0],"122":[0,0],"123":[0,0],"124":[0,0,0,0],"125":[0,0],"126":[0,0],"127":[0,0],"128":[0,0],"129":[0,0],"130":[0,0],"131":[0,0],"132":[0,0]},"_coverageSchema":"1a1c01bbd47fc00a2c39e90264f33305004495a9","hash":"2d9c1ed04e48cb2b107c1dd6eddb3ced11c21f76"}
,"/Users/stephaniecao/Documents/GitHub/nbasports/Backend/routes/users.js": {"path":"/Users/stephaniecao/Documents/GitHub/nbasports/Backend/routes/users.js","statementMap":{"0":{"start":{"line":1,"column":10},"end":{"line":1,"column":28}},"1":{"start":{"line":2,"column":0},"end":{"line":2,"column":40}},"2":{"start":{"line":3,"column":9},"end":{"line":3,"column":27}},"3":{"start":{"line":4,"column":12},"end":{"line":4,"column":13}},"4":{"start":{"line":8,"column":15},"end":{"line":30,"column":3}},"5":{"start":{"line":9,"column":17},"end":{"line":18,"column":5}},"6":{"start":{"line":20,"column":4},"end":{"line":29,"column":7}},"7":{"start":{"line":21,"column":6},"end":{"line":28,"column":7}},"8":{"start":{"line":23,"column":8},"end":{"line":23,"column":21}},"9":{"start":{"line":27,"column":8},"end":{"line":27,"column":33}},"10":{"start":{"line":34,"column":18},"end":{"line":57,"column":1}},"11":{"start":{"line":36,"column":15},"end":{"line":45,"column":3}},"12":{"start":{"line":47,"column":2},"end":{"line":56,"column":5}},"13":{"start":{"line":49,"column":4},"end":{"line":55,"column":5}},"14":{"start":{"line":51,"column":6},"end":{"line":51,"column":26}},"15":{"start":{"line":54,"column":6},"end":{"line":54,"column":46}},"16":{"start":{"line":60,"column":16},"end":{"line":83,"column":1}},"17":{"start":{"line":61,"column":14},"end":{"line":67,"column":3}},"18":{"start":{"line":69,"column":2},"end":{"line":69,"column":10}},"19":{"start":{"line":71,"column":2},"end":{"line":82,"column":5}},"20":{"start":{"line":72,"column":4},"end":{"line":81,"column":5}},"21":{"start":{"line":74,"column":6},"end":{"line":74,"column":22}},"22":{"start":{"line":75,"column":6},"end":{"line":75,"column":19}},"23":{"start":{"line":79,"column":6},"end":{"line":79,"column":25}},"24":{"start":{"line":80,"column":6},"end":{"line":80,"column":31}},"25":{"start":{"line":87,"column":22},"end":{"line":109,"column":1}},"26":{"start":{"line":89,"column":15},"end":{"line":98,"column":3}},"27":{"start":{"line":100,"column":2},"end":{"line":108,"column":5}},"28":{"start":{"line":102,"column":4},"end":{"line":107,"column":5}},"29":{"start":{"line":103,"column":6},"end":{"line":103,"column":26}},"30":{"start":{"line":106,"column":6},"end":{"line":106,"column":32}},"31":{"start":{"line":117,"column":15},"end":{"line":122,"column":1}},"32":{"start":{"line":124,"column":0},"end":{"line":124,"column":26}}},"fnMap":{"0":{"name":"(anonymous_0)","decl":{"start":{"line":8,"column":15},"end":{"line":8,"column":16}},"loc":{"start":{"line":8,"column":71},"end":{"line":30,"column":3}},"line":8},"1":{"name":"(anonymous_1)","decl":{"start":{"line":20,"column":23},"end":{"line":20,"column":24}},"loc":{"start":{"line":20,"column":42},"end":{"line":29,"column":5}},"line":20},"2":{"name":"(anonymous_2)","decl":{"start":{"line":34,"column":18},"end":{"line":34,"column":19}},"loc":{"start":{"line":34,"column":47},"end":{"line":57,"column":1}},"line":34},"3":{"name":"(anonymous_3)","decl":{"start":{"line":47,"column":19},"end":{"line":47,"column":20}},"loc":{"start":{"line":47,"column":39},"end":{"line":56,"column":3}},"line":47},"4":{"name":"(anonymous_4)","decl":{"start":{"line":60,"column":16},"end":{"line":60,"column":17}},"loc":{"start":{"line":60,"column":52},"end":{"line":83,"column":1}},"line":60},"5":{"name":"(anonymous_5)","decl":{"start":{"line":71,"column":21},"end":{"line":71,"column":22}},"loc":{"start":{"line":71,"column":40},"end":{"line":82,"column":3}},"line":71},"6":{"name":"(anonymous_6)","decl":{"start":{"line":87,"column":22},"end":{"line":87,"column":23}},"loc":{"start":{"line":87,"column":51},"end":{"line":109,"column":1}},"line":87},"7":{"name":"(anonymous_7)","decl":{"start":{"line":100,"column":19},"end":{"line":100,"column":20}},"loc":{"start":{"line":100,"column":39},"end":{"line":108,"column":3}},"line":100}},"branchMap":{"0":{"loc":{"start":{"line":21,"column":6},"end":{"line":28,"column":7}},"type":"if","locations":[{"start":{"line":21,"column":6},"end":{"line":28,"column":7}},{"start":{"line":26,"column":6},"end":{"line":28,"column":7}}],"line":21},"1":{"loc":{"start":{"line":49,"column":4},"end":{"line":55,"column":5}},"type":"if","locations":[{"start":{"line":49,"column":4},"end":{"line":55,"column":5}},{"start":{"line":53,"column":11},"end":{"line":55,"column":5}}],"line":49},"2":{"loc":{"start":{"line":49,"column":8},"end":{"line":49,"column":37}},"type":"binary-expr","locations":[{"start":{"line":49,"column":8},"end":{"line":49,"column":11}},{"start":{"line":49,"column":15},"end":{"line":49,"column":37}}],"line":49},"3":{"loc":{"start":{"line":72,"column":4},"end":{"line":81,"column":5}},"type":"if","locations":[{"start":{"line":72,"column":4},"end":{"line":81,"column":5}},{"start":{"line":78,"column":4},"end":{"line":81,"column":5}}],"line":72},"4":{"loc":{"start":{"line":102,"column":4},"end":{"line":107,"column":5}},"type":"if","locations":[{"start":{"line":102,"column":4},"end":{"line":107,"column":5}},{"start":{"line":105,"column":11},"end":{"line":107,"column":5}}],"line":102},"5":{"loc":{"start":{"line":102,"column":8},"end":{"line":102,"column":37}},"type":"binary-expr","locations":[{"start":{"line":102,"column":8},"end":{"line":102,"column":11}},{"start":{"line":102,"column":15},"end":{"line":102,"column":37}}],"line":102}},"s":{"0":1,"1":1,"2":1,"3":1,"4":1,"5":0,"6":0,"7":0,"8":0,"9":0,"10":1,"11":0,"12":0,"13":0,"14":0,"15":0,"16":1,"17":0,"18":0,"19":0,"20":0,"21":0,"22":0,"23":0,"24":0,"25":1,"26":0,"27":0,"28":0,"29":0,"30":0,"31":1,"32":1},"f":{"0":0,"1":0,"2":0,"3":0,"4":0,"5":0,"6":0,"7":0},"b":{"0":[0,0],"1":[0,0],"2":[0,0],"3":[0,0],"4":[0,0],"5":[0,0]},"_coverageSchema":"1a1c01bbd47fc00a2c39e90264f33305004495a9","hash":"fa66c50521027285e3319f22dba27b52caec556b"}
}
