TN:
SF:routes/index.js
FN:28,(anonymous_0)
FN:41,(anonymous_1)
FN:48,(anonymous_2)
FN:90,(anonymous_3)
FN:112,(anonymous_4)
FN:119,(anonymous_5)
FN:163,(anonymous_6)
FN:190,(anonymous_7)
FN:199,(anonymous_8)
FN:239,(anonymous_9)
FN:262,(anonymous_10)
FN:269,(anonymous_11)
FN:294,(anonymous_12)
FN:316,(anonymous_13)
FN:323,(anonymous_14)
FN:346,(anonymous_15)
FN:372,(anonymous_16)
FN:374,(anonymous_17)
FN:382,(anonymous_18)
FN:401,(anonymous_19)
FN:514,(anonymous_20)
FN:517,(anonymous_21)
FN:527,(anonymous_22)
FN:546,(anonymous_23)
FN:553,(anonymous_24)
FN:588,(anonymous_25)
FN:608,(anonymous_26)
FN:616,(anonymous_27)
FN:662,(anonymous_28)
FN:685,(anonymous_29)
FN:693,(anonymous_30)
FN:731,(anonymous_31)
FN:752,(anonymous_32)
FN:760,(anonymous_33)
FN:798,(anonymous_34)
FN:819,(anonymous_35)
FN:826,(anonymous_36)
FN:849,(anonymous_37)
FN:870,(anonymous_38)
FN:877,(anonymous_39)
FN:925,(anonymous_40)
FN:941,addingWage
FN:1179,(anonymous_42)
FN:1181,(anonymous_43)
FN:1196,(anonymous_44)
FN:1215,(anonymous_45)
FN:1218,(anonymous_46)
FN:1242,(anonymous_47)
FN:1247,(anonymous_48)
FN:1256,(anonymous_49)
FN:1260,(anonymous_50)
FNF:51
FNH:1
FNDA:1,(anonymous_0)
FNDA:0,(anonymous_1)
FNDA:0,(anonymous_2)
FNDA:0,(anonymous_3)
FNDA:0,(anonymous_4)
FNDA:0,(anonymous_5)
FNDA:0,(anonymous_6)
FNDA:0,(anonymous_7)
FNDA:0,(anonymous_8)
FNDA:0,(anonymous_9)
FNDA:0,(anonymous_10)
FNDA:0,(anonymous_11)
FNDA:0,(anonymous_12)
FNDA:0,(anonymous_13)
FNDA:0,(anonymous_14)
FNDA:0,(anonymous_15)
FNDA:0,(anonymous_16)
FNDA:0,(anonymous_17)
FNDA:0,(anonymous_18)
FNDA:0,(anonymous_19)
FNDA:0,(anonymous_20)
FNDA:0,(anonymous_21)
FNDA:0,(anonymous_22)
FNDA:0,(anonymous_23)
FNDA:0,(anonymous_24)
FNDA:0,(anonymous_25)
FNDA:0,(anonymous_26)
FNDA:0,(anonymous_27)
FNDA:0,(anonymous_28)
FNDA:0,(anonymous_29)
FNDA:0,(anonymous_30)
FNDA:0,(anonymous_31)
FNDA:0,(anonymous_32)
FNDA:0,(anonymous_33)
FNDA:0,(anonymous_34)
FNDA:0,(anonymous_35)
FNDA:0,(anonymous_36)
FNDA:0,(anonymous_37)
FNDA:0,(anonymous_38)
FNDA:0,(anonymous_39)
FNDA:0,(anonymous_40)
FNDA:0,addingWage
FNDA:0,(anonymous_42)
FNDA:0,(anonymous_43)
FNDA:0,(anonymous_44)
FNDA:0,(anonymous_45)
FNDA:0,(anonymous_46)
FNDA:0,(anonymous_47)
FNDA:0,(anonymous_48)
FNDA:0,(anonymous_49)
FNDA:0,(anonymous_50)
DA:1,1
DA:2,1
DA:3,1
DA:4,1
DA:5,1
DA:7,1
DA:9,1
DA:28,1
DA:29,1
DA:41,1
DA:42,0
DA:43,0
DA:44,0
DA:45,0
DA:46,0
DA:47,0
DA:48,0
DA:49,0
DA:51,0
DA:52,0
DA:54,0
DA:91,0
DA:92,0
DA:93,0
DA:95,0
DA:97,0
DA:99,0
DA:102,0
DA:112,1
DA:113,0
DA:114,0
DA:115,0
DA:116,0
DA:117,0
DA:118,0
DA:119,0
DA:120,0
DA:122,0
DA:123,0
DA:125,0
DA:164,0
DA:165,0
DA:166,0
DA:168,0
DA:170,0
DA:172,0
DA:177,0
DA:190,1
DA:191,0
DA:192,0
DA:193,0
DA:194,0
DA:195,0
DA:196,0
DA:197,0
DA:198,0
DA:199,0
DA:200,0
DA:202,0
DA:203,0
DA:205,0
DA:240,0
DA:241,0
DA:242,0
DA:244,0
DA:246,0
DA:247,0
DA:251,0
DA:262,1
DA:263,0
DA:264,0
DA:265,0
DA:266,0
DA:267,0
DA:268,0
DA:269,0
DA:270,0
DA:272,0
DA:273,0
DA:275,0
DA:295,0
DA:296,0
DA:297,0
DA:299,0
DA:300,0
DA:301,0
DA:304,0
DA:316,1
DA:317,0
DA:318,0
DA:319,0
DA:320,0
DA:321,0
DA:322,0
DA:323,0
DA:324,0
DA:326,0
DA:327,0
DA:329,0
DA:347,0
DA:348,0
DA:349,0
DA:351,0
DA:353,0
DA:355,0
DA:361,0
DA:372,1
DA:374,0
DA:375,0
DA:377,0
DA:378,0
DA:380,0
DA:383,0
DA:384,0
DA:385,0
DA:387,0
DA:388,0
DA:390,0
DA:401,1
DA:403,0
DA:505,0
DA:514,1
DA:516,0
DA:517,0
DA:518,0
DA:520,0
DA:521,0
DA:523,0
DA:528,0
DA:529,0
DA:530,0
DA:532,0
DA:533,0
DA:535,0
DA:546,1
DA:547,0
DA:548,0
DA:549,0
DA:550,0
DA:551,0
DA:552,0
DA:553,0
DA:554,0
DA:556,0
DA:557,0
DA:559,0
DA:589,0
DA:590,0
DA:591,0
DA:593,0
DA:594,0
DA:595,0
DA:597,0
DA:608,1
DA:609,0
DA:610,0
DA:611,0
DA:612,0
DA:613,0
DA:614,0
DA:615,0
DA:616,0
DA:617,0
DA:619,0
DA:620,0
DA:622,0
DA:663,0
DA:664,0
DA:665,0
DA:667,0
DA:668,0
DA:669,0
DA:671,0
DA:685,1
DA:686,0
DA:687,0
DA:688,0
DA:689,0
DA:690,0
DA:691,0
DA:692,0
DA:693,0
DA:694,0
DA:696,0
DA:697,0
DA:699,0
DA:732,0
DA:733,0
DA:734,0
DA:736,0
DA:737,0
DA:738,0
DA:740,0
DA:752,1
DA:753,0
DA:754,0
DA:755,0
DA:756,0
DA:757,0
DA:758,0
DA:759,0
DA:760,0
DA:761,0
DA:763,0
DA:764,0
DA:766,0
DA:799,0
DA:800,0
DA:801,0
DA:803,0
DA:804,0
DA:805,0
DA:807,0
DA:819,1
DA:820,0
DA:821,0
DA:822,0
DA:823,0
DA:824,0
DA:825,0
DA:826,0
DA:827,0
DA:829,0
DA:830,0
DA:832,0
DA:850,0
DA:851,0
DA:852,0
DA:854,0
DA:855,0
DA:856,0
DA:858,0
DA:870,1
DA:871,0
DA:872,0
DA:873,0
DA:874,0
DA:875,0
DA:876,0
DA:877,0
DA:878,0
DA:880,0
DA:881,0
DA:883,0
DA:926,0
DA:927,0
DA:928,0
DA:930,0
DA:931,0
DA:932,0
DA:934,0
DA:943,0
DA:944,0
DA:945,0
DA:947,0
DA:949,0
DA:950,0
DA:952,0
DA:954,0
DA:957,0
DA:958,0
DA:959,0
DA:964,0
DA:965,0
DA:966,0
DA:972,0
DA:975,0
DA:976,0
DA:977,0
DA:982,0
DA:983,0
DA:984,0
DA:991,0
DA:992,0
DA:993,0
DA:995,0
DA:998,0
DA:1000,0
DA:1002,0
DA:1003,0
DA:1005,0
DA:1007,0
DA:1010,0
DA:1011,0
DA:1012,0
DA:1017,0
DA:1018,0
DA:1019,0
DA:1025,0
DA:1028,0
DA:1029,0
DA:1030,0
DA:1035,0
DA:1036,0
DA:1037,0
DA:1044,0
DA:1045,0
DA:1046,0
DA:1048,0
DA:1051,0
DA:1053,0
DA:1055,0
DA:1056,0
DA:1058,0
DA:1060,0
DA:1063,0
DA:1064,0
DA:1065,0
DA:1070,0
DA:1071,0
DA:1072,0
DA:1078,0
DA:1081,0
DA:1082,0
DA:1083,0
DA:1088,0
DA:1089,0
DA:1090,0
DA:1097,0
DA:1098,0
DA:1099,0
DA:1101,0
DA:1104,0
DA:1106,0
DA:1109,0
DA:1111,0
DA:1113,0
DA:1117,0
DA:1122,0
DA:1125,0
DA:1127,0
DA:1129,0
DA:1132,0
DA:1133,0
DA:1134,0
DA:1139,0
DA:1140,0
DA:1141,0
DA:1147,0
DA:1150,0
DA:1151,0
DA:1152,0
DA:1157,0
DA:1158,0
DA:1159,0
DA:1166,0
DA:1167,0
DA:1168,0
DA:1170,0
DA:1175,0
DA:1179,1
DA:1180,0
DA:1181,0
DA:1182,0
DA:1184,0
DA:1187,0
DA:1188,0
DA:1189,0
DA:1190,0
DA:1192,0
DA:1195,0
DA:1196,0
DA:1198,0
DA:1200,0
DA:1203,0
DA:1215,1
DA:1216,0
DA:1217,0
DA:1218,0
DA:1219,0
DA:1221,0
DA:1222,0
DA:1223,0
DA:1224,0
DA:1226,0
DA:1230,0
DA:1235,0
DA:1242,1
DA:1243,0
DA:1244,0
DA:1245,0
DA:1247,0
DA:1249,0
DA:1250,0
DA:1256,1
DA:1257,0
DA:1258,0
DA:1260,0
DA:1261,0
DA:1262,0
DA:1264,0
DA:1266,0
DA:1268,0
DA:1272,0
DA:1284,1
LF:395
LH:28
BRDA:42,0,0,0
BRDA:42,0,1,0
BRDA:43,1,0,0
BRDA:43,1,1,0
BRDA:44,2,0,0
BRDA:44,2,1,0
BRDA:45,3,0,0
BRDA:45,3,1,0
BRDA:46,4,0,0
BRDA:46,4,1,0
BRDA:49,5,0,0
BRDA:49,5,1,0
BRDA:91,6,0,0
BRDA:91,6,1,0
BRDA:95,7,0,0
BRDA:95,7,1,0
BRDA:113,8,0,0
BRDA:113,8,1,0
BRDA:114,9,0,0
BRDA:114,9,1,0
BRDA:115,10,0,0
BRDA:115,10,1,0
BRDA:116,11,0,0
BRDA:116,11,1,0
BRDA:117,12,0,0
BRDA:117,12,1,0
BRDA:120,13,0,0
BRDA:120,13,1,0
BRDA:164,14,0,0
BRDA:164,14,1,0
BRDA:168,15,0,0
BRDA:168,15,1,0
BRDA:191,16,0,0
BRDA:191,16,1,0
BRDA:192,17,0,0
BRDA:192,17,1,0
BRDA:193,18,0,0
BRDA:193,18,1,0
BRDA:194,19,0,0
BRDA:194,19,1,0
BRDA:195,20,0,0
BRDA:195,20,1,0
BRDA:196,21,0,0
BRDA:196,21,1,0
BRDA:197,22,0,0
BRDA:197,22,1,0
BRDA:200,23,0,0
BRDA:200,23,1,0
BRDA:240,24,0,0
BRDA:240,24,1,0
BRDA:244,25,0,0
BRDA:244,25,1,0
BRDA:263,26,0,0
BRDA:263,26,1,0
BRDA:264,27,0,0
BRDA:264,27,1,0
BRDA:265,28,0,0
BRDA:265,28,1,0
BRDA:266,29,0,0
BRDA:266,29,1,0
BRDA:267,30,0,0
BRDA:267,30,1,0
BRDA:270,31,0,0
BRDA:270,31,1,0
BRDA:295,32,0,0
BRDA:295,32,1,0
BRDA:299,33,0,0
BRDA:299,33,1,0
BRDA:317,34,0,0
BRDA:317,34,1,0
BRDA:318,35,0,0
BRDA:318,35,1,0
BRDA:319,36,0,0
BRDA:319,36,1,0
BRDA:320,37,0,0
BRDA:320,37,1,0
BRDA:321,38,0,0
BRDA:321,38,1,0
BRDA:324,39,0,0
BRDA:324,39,1,0
BRDA:347,40,0,0
BRDA:347,40,1,0
BRDA:351,41,0,0
BRDA:351,41,1,0
BRDA:375,42,0,0
BRDA:375,42,1,0
BRDA:383,43,0,0
BRDA:383,43,1,0
BRDA:387,44,0,0
BRDA:387,44,1,0
BRDA:516,45,0,0
BRDA:516,45,1,0
BRDA:518,46,0,0
BRDA:518,46,1,0
BRDA:528,47,0,0
BRDA:528,47,1,0
BRDA:532,48,0,0
BRDA:532,48,1,0
BRDA:547,49,0,0
BRDA:547,49,1,0
BRDA:548,50,0,0
BRDA:548,50,1,0
BRDA:549,51,0,0
BRDA:549,51,1,0
BRDA:550,52,0,0
BRDA:550,52,1,0
BRDA:551,53,0,0
BRDA:551,53,1,0
BRDA:554,54,0,0
BRDA:554,54,1,0
BRDA:589,55,0,0
BRDA:589,55,1,0
BRDA:593,56,0,0
BRDA:593,56,1,0
BRDA:609,57,0,0
BRDA:609,57,1,0
BRDA:610,58,0,0
BRDA:610,58,1,0
BRDA:611,59,0,0
BRDA:611,59,1,0
BRDA:612,60,0,0
BRDA:612,60,1,0
BRDA:613,61,0,0
BRDA:613,61,1,0
BRDA:614,62,0,0
BRDA:614,62,1,0
BRDA:617,63,0,0
BRDA:617,63,1,0
BRDA:663,64,0,0
BRDA:663,64,1,0
BRDA:667,65,0,0
BRDA:667,65,1,0
BRDA:686,66,0,0
BRDA:686,66,1,0
BRDA:687,67,0,0
BRDA:687,67,1,0
BRDA:688,68,0,0
BRDA:688,68,1,0
BRDA:689,69,0,0
BRDA:689,69,1,0
BRDA:690,70,0,0
BRDA:690,70,1,0
BRDA:691,71,0,0
BRDA:691,71,1,0
BRDA:694,72,0,0
BRDA:694,72,1,0
BRDA:732,73,0,0
BRDA:732,73,1,0
BRDA:736,74,0,0
BRDA:736,74,1,0
BRDA:753,75,0,0
BRDA:753,75,1,0
BRDA:754,76,0,0
BRDA:754,76,1,0
BRDA:755,77,0,0
BRDA:755,77,1,0
BRDA:756,78,0,0
BRDA:756,78,1,0
BRDA:757,79,0,0
BRDA:757,79,1,0
BRDA:758,80,0,0
BRDA:758,80,1,0
BRDA:761,81,0,0
BRDA:761,81,1,0
BRDA:799,82,0,0
BRDA:799,82,1,0
BRDA:803,83,0,0
BRDA:803,83,1,0
BRDA:820,84,0,0
BRDA:820,84,1,0
BRDA:821,85,0,0
BRDA:821,85,1,0
BRDA:822,86,0,0
BRDA:822,86,1,0
BRDA:823,87,0,0
BRDA:823,87,1,0
BRDA:824,88,0,0
BRDA:824,88,1,0
BRDA:827,89,0,0
BRDA:827,89,1,0
BRDA:850,90,0,0
BRDA:850,90,1,0
BRDA:854,91,0,0
BRDA:854,91,1,0
BRDA:871,92,0,0
BRDA:871,92,1,0
BRDA:872,93,0,0
BRDA:872,93,1,0
BRDA:873,94,0,0
BRDA:873,94,1,0
BRDA:874,95,0,0
BRDA:874,95,1,0
BRDA:875,96,0,0
BRDA:875,96,1,0
BRDA:878,97,0,0
BRDA:878,97,1,0
BRDA:926,98,0,0
BRDA:926,98,1,0
BRDA:930,99,0,0
BRDA:930,99,1,0
BRDA:945,100,0,0
BRDA:945,100,1,0
BRDA:950,101,0,0
BRDA:950,101,1,0
BRDA:952,102,0,0
BRDA:952,102,1,0
BRDA:954,103,0,0
BRDA:954,103,1,0
BRDA:972,104,0,0
BRDA:972,104,1,0
BRDA:998,105,0,0
BRDA:998,105,1,0
BRDA:1003,106,0,0
BRDA:1003,106,1,0
BRDA:1005,107,0,0
BRDA:1005,107,1,0
BRDA:1007,108,0,0
BRDA:1007,108,1,0
BRDA:1025,109,0,0
BRDA:1025,109,1,0
BRDA:1051,110,0,0
BRDA:1051,110,1,0
BRDA:1056,111,0,0
BRDA:1056,111,1,0
BRDA:1058,112,0,0
BRDA:1058,112,1,0
BRDA:1060,113,0,0
BRDA:1060,113,1,0
BRDA:1078,114,0,0
BRDA:1078,114,1,0
BRDA:1104,115,0,0
BRDA:1104,115,1,0
BRDA:1109,116,0,0
BRDA:1109,116,1,0
BRDA:1111,117,0,0
BRDA:1111,117,1,0
BRDA:1125,118,0,0
BRDA:1125,118,1,0
BRDA:1127,119,0,0
BRDA:1127,119,1,0
BRDA:1129,120,0,0
BRDA:1129,120,1,0
BRDA:1147,121,0,0
BRDA:1147,121,1,0
BRDA:1182,122,0,0
BRDA:1182,122,1,0
BRDA:1190,123,0,0
BRDA:1190,123,1,0
BRDA:1190,124,0,0
BRDA:1190,124,1,0
BRDA:1190,124,2,0
BRDA:1190,124,3,0
BRDA:1198,125,0,0
BRDA:1198,125,1,0
BRDA:1219,126,0,0
BRDA:1219,126,1,0
BRDA:1222,127,0,0
BRDA:1222,127,1,0
BRDA:1224,128,0,0
BRDA:1224,128,1,0
BRDA:1245,129,0,0
BRDA:1245,129,1,0
BRDA:1258,130,0,0
BRDA:1258,130,1,0
BRDA:1262,131,0,0
BRDA:1262,131,1,0
BRDA:1262,132,0,0
BRDA:1262,132,1,0
BRF:268
BRH:0
end_of_record
TN:
SF:routes/users.js
FN:8,(anonymous_0)
FN:20,(anonymous_1)
FN:34,(anonymous_2)
FN:47,(anonymous_3)
FN:60,(anonymous_4)
FN:71,(anonymous_5)
FN:87,(anonymous_6)
FN:100,(anonymous_7)
FNF:8
FNH:0
FNDA:0,(anonymous_0)
FNDA:0,(anonymous_1)
FNDA:0,(anonymous_2)
FNDA:0,(anonymous_3)
FNDA:0,(anonymous_4)
FNDA:0,(anonymous_5)
FNDA:0,(anonymous_6)
FNDA:0,(anonymous_7)
DA:1,1
DA:2,1
DA:3,1
DA:4,1
DA:8,1
DA:9,0
DA:20,0
DA:21,0
DA:23,0
DA:27,0
DA:34,1
DA:36,0
DA:47,0
DA:49,0
DA:51,0
DA:54,0
DA:60,1
DA:61,0
DA:69,0
DA:71,0
DA:72,0
DA:74,0
DA:75,0
DA:79,0
DA:80,0
DA:87,1
DA:89,0
DA:100,0
DA:102,0
DA:103,0
DA:106,0
DA:117,1
DA:124,1
LF:33
LH:10
BRDA:21,0,0,0
BRDA:21,0,1,0
BRDA:49,1,0,0
BRDA:49,1,1,0
BRDA:49,2,0,0
BRDA:49,2,1,0
BRDA:72,3,0,0
BRDA:72,3,1,0
BRDA:102,4,0,0
BRDA:102,4,1,0
BRDA:102,5,0,0
BRDA:102,5,1,0
BRF:12
BRH:0
end_of_record
